mode: set
github.com/treechess/backend/internal/models/repertoire.go:210.44,211.27 1 0
github.com/treechess/backend/internal/models/repertoire.go:211.27,213.3 1 0
github.com/treechess/backend/internal/models/repertoire.go:215.2,217.68 3 0
github.com/treechess/backend/internal/models/repertoire.go:217.68,219.3 1 0
github.com/treechess/backend/internal/models/repertoire.go:221.2,221.26 1 0
github.com/treechess/backend/internal/models/repertoire.go:221.26,223.3 1 0
github.com/treechess/backend/internal/models/repertoire.go:225.2,226.20 2 0
github.com/treechess/backend/internal/models/repertoire.go:226.20,228.3 1 0
github.com/treechess/backend/internal/models/repertoire.go:229.2,231.9 2 0
github.com/treechess/backend/internal/models/repertoire.go:232.27,233.18 1 0
github.com/treechess/backend/internal/models/repertoire.go:234.27,235.17 1 0
github.com/treechess/backend/internal/models/repertoire.go:236.28,237.17 1 0
github.com/treechess/backend/internal/models/repertoire.go:238.10,239.17 1 0
github.com/treechess/backend/config/config.go:28.24,33.17 3 1
github.com/treechess/backend/config/config.go:33.17,34.57 1 1
github.com/treechess/backend/config/config.go:37.2,39.19 3 1
github.com/treechess/backend/config/config.go:39.19,41.17 2 1
github.com/treechess/backend/config/config.go:41.17,42.57 1 1
github.com/treechess/backend/config/config.go:44.3,44.11 1 1
github.com/treechess/backend/config/config.go:48.2,50.22 3 1
github.com/treechess/backend/config/config.go:50.22,52.41 2 1
github.com/treechess/backend/config/config.go:52.41,54.4 1 1
github.com/treechess/backend/config/config.go:57.2,58.21 2 1
github.com/treechess/backend/config/config.go:58.21,59.55 1 1
github.com/treechess/backend/config/config.go:62.2,64.24 3 1
github.com/treechess/backend/config/config.go:64.24,66.17 2 1
github.com/treechess/backend/config/config.go:66.17,67.74 1 0
github.com/treechess/backend/config/config.go:69.3,69.47 1 1
github.com/treechess/backend/config/config.go:72.2,75.23 3 1
github.com/treechess/backend/config/config.go:75.23,77.3 1 1
github.com/treechess/backend/config/config.go:79.2,80.28 2 1
github.com/treechess/backend/config/config.go:80.28,82.3 1 1
github.com/treechess/backend/config/config.go:84.2,96.3 2 1
github.com/treechess/backend/internal/middleware/auth.go:12.65,13.54 1 1
github.com/treechess/backend/internal/middleware/auth.go:13.54,14.37 1 1
github.com/treechess/backend/internal/middleware/auth.go:14.37,19.48 3 1
github.com/treechess/backend/internal/middleware/auth.go:19.48,21.5 1 1
github.com/treechess/backend/internal/middleware/auth.go:24.4,24.22 1 1
github.com/treechess/backend/internal/middleware/auth.go:24.22,26.5 1 1
github.com/treechess/backend/internal/middleware/auth.go:28.4,28.22 1 1
github.com/treechess/backend/internal/middleware/auth.go:28.22,30.5 1 1
github.com/treechess/backend/internal/middleware/auth.go:32.4,33.18 2 1
github.com/treechess/backend/internal/middleware/auth.go:33.18,35.5 1 1
github.com/treechess/backend/internal/middleware/auth.go:37.4,38.18 2 1
github.com/treechess/backend/internal/repository/db.go:19.44,21.16 2 1
github.com/treechess/backend/internal/repository/db.go:21.16,23.3 1 1
github.com/treechess/backend/internal/repository/db.go:25.2,28.39 3 0
github.com/treechess/backend/internal/repository/db.go:28.39,31.3 2 0
github.com/treechess/backend/internal/repository/db.go:33.2,35.43 2 0
github.com/treechess/backend/internal/repository/db.go:35.43,38.3 2 0
github.com/treechess/backend/internal/repository/db.go:40.2,40.16 1 0
github.com/treechess/backend/internal/repository/db.go:44.23,45.20 1 1
github.com/treechess/backend/internal/repository/db.go:45.20,47.3 1 0
github.com/treechess/backend/internal/repository/db.go:51.56,53.2 1 0
github.com/treechess/backend/internal/repository/db.go:55.37,123.16 5 0
github.com/treechess/backend/internal/repository/db.go:123.16,125.3 1 0
github.com/treechess/backend/internal/repository/db.go:127.2,152.31 2 0
github.com/treechess/backend/internal/repository/db.go:152.31,153.49 1 0
github.com/treechess/backend/internal/repository/db.go:153.49,155.4 1 0
github.com/treechess/backend/internal/repository/db.go:158.2,159.12 2 0
github.com/treechess/backend/internal/repository/fingerprint_repo.go:16.78,18.2 1 0
github.com/treechess/backend/internal/repository/fingerprint_repo.go:21.112,22.28 1 0
github.com/treechess/backend/internal/repository/fingerprint_repo.go:22.28,24.3 1 0
github.com/treechess/backend/internal/repository/fingerprint_repo.go:26.2,33.34 6 0
github.com/treechess/backend/internal/repository/fingerprint_repo.go:33.34,36.3 2 0
github.com/treechess/backend/internal/repository/fingerprint_repo.go:38.2,44.16 3 0
github.com/treechess/backend/internal/repository/fingerprint_repo.go:44.16,46.3 1 0
github.com/treechess/backend/internal/repository/fingerprint_repo.go:47.2,50.18 3 0
github.com/treechess/backend/internal/repository/fingerprint_repo.go:50.18,52.40 2 0
github.com/treechess/backend/internal/repository/fingerprint_repo.go:52.40,54.4 1 0
github.com/treechess/backend/internal/repository/fingerprint_repo.go:55.3,55.22 1 0
github.com/treechess/backend/internal/repository/fingerprint_repo.go:58.2,58.35 1 0
github.com/treechess/backend/internal/repository/fingerprint_repo.go:58.35,60.3 1 0
github.com/treechess/backend/internal/repository/fingerprint_repo.go:62.2,62.22 1 0
github.com/treechess/backend/internal/repository/fingerprint_repo.go:66.106,67.23 1 0
github.com/treechess/backend/internal/repository/fingerprint_repo.go:67.23,69.3 1 0
github.com/treechess/backend/internal/repository/fingerprint_repo.go:71.2,77.28 5 0
github.com/treechess/backend/internal/repository/fingerprint_repo.go:77.28,81.3 3 0
github.com/treechess/backend/internal/repository/fingerprint_repo.go:83.2,89.16 3 0
github.com/treechess/backend/internal/repository/fingerprint_repo.go:89.16,91.3 1 0
github.com/treechess/backend/internal/repository/fingerprint_repo.go:93.2,93.12 1 0
github.com/treechess/backend/internal/repository/fingerprint_repo.go:97.100,105.16 4 0
github.com/treechess/backend/internal/repository/fingerprint_repo.go:105.16,107.3 1 0
github.com/treechess/backend/internal/repository/fingerprint_repo.go:109.2,109.12 1 0
github.com/treechess/backend/internal/repository/import_repo.go:60.72,62.2 1 0
github.com/treechess/backend/internal/repository/import_repo.go:65.158,70.16 4 0
github.com/treechess/backend/internal/repository/import_repo.go:70.16,72.3 1 0
github.com/treechess/backend/internal/repository/import_repo.go:74.2,93.16 5 0
github.com/treechess/backend/internal/repository/import_repo.go:93.16,95.3 1 0
github.com/treechess/backend/internal/repository/import_repo.go:97.2,97.22 1 0
github.com/treechess/backend/internal/repository/import_repo.go:101.88,106.16 4 0
github.com/treechess/backend/internal/repository/import_repo.go:106.16,108.3 1 0
github.com/treechess/backend/internal/repository/import_repo.go:109.2,112.18 3 0
github.com/treechess/backend/internal/repository/import_repo.go:112.18,115.17 3 0
github.com/treechess/backend/internal/repository/import_repo.go:115.17,117.4 1 0
github.com/treechess/backend/internal/repository/import_repo.go:118.3,118.33 1 0
github.com/treechess/backend/internal/repository/import_repo.go:121.2,121.35 1 0
github.com/treechess/backend/internal/repository/import_repo.go:121.35,123.3 1 0
github.com/treechess/backend/internal/repository/import_repo.go:125.2,125.22 1 0
github.com/treechess/backend/internal/repository/import_repo.go:129.83,144.16 6 0
github.com/treechess/backend/internal/repository/import_repo.go:144.16,145.27 1 0
github.com/treechess/backend/internal/repository/import_repo.go:145.27,147.4 1 0
github.com/treechess/backend/internal/repository/import_repo.go:148.3,148.60 1 0
github.com/treechess/backend/internal/repository/import_repo.go:151.2,151.69 1 0
github.com/treechess/backend/internal/repository/import_repo.go:151.69,153.3 1 0
github.com/treechess/backend/internal/repository/import_repo.go:155.2,155.21 1 0
github.com/treechess/backend/internal/repository/import_repo.go:159.56,164.16 4 0
github.com/treechess/backend/internal/repository/import_repo.go:164.16,166.3 1 0
github.com/treechess/backend/internal/repository/import_repo.go:168.2,168.32 1 0
github.com/treechess/backend/internal/repository/import_repo.go:168.32,170.3 1 0
github.com/treechess/backend/internal/repository/import_repo.go:172.2,172.12 1 0
github.com/treechess/backend/internal/repository/import_repo.go:176.147,181.16 4 0
github.com/treechess/backend/internal/repository/import_repo.go:181.16,183.3 1 0
github.com/treechess/backend/internal/repository/import_repo.go:184.2,187.16 3 0
github.com/treechess/backend/internal/repository/import_repo.go:187.16,189.3 1 0
github.com/treechess/backend/internal/repository/import_repo.go:191.2,193.18 2 0
github.com/treechess/backend/internal/repository/import_repo.go:193.18,199.86 5 0
github.com/treechess/backend/internal/repository/import_repo.go:199.86,201.4 1 0
github.com/treechess/backend/internal/repository/import_repo.go:203.3,206.47 3 0
github.com/treechess/backend/internal/repository/import_repo.go:206.47,207.12 1 0
github.com/treechess/backend/internal/repository/import_repo.go:210.3,211.61 2 0
github.com/treechess/backend/internal/repository/import_repo.go:211.61,213.4 1 0
github.com/treechess/backend/internal/repository/import_repo.go:215.3,215.30 1 0
github.com/treechess/backend/internal/repository/import_repo.go:215.30,218.42 3 0
github.com/treechess/backend/internal/repository/import_repo.go:218.42,219.13 1 0
github.com/treechess/backend/internal/repository/import_repo.go:221.4,223.37 3 0
github.com/treechess/backend/internal/repository/import_repo.go:223.37,225.5 1 0
github.com/treechess/backend/internal/repository/import_repo.go:226.4,226.56 1 0
github.com/treechess/backend/internal/repository/import_repo.go:226.56,227.13 1 0
github.com/treechess/backend/internal/repository/import_repo.go:229.4,244.37 2 0
github.com/treechess/backend/internal/repository/import_repo.go:244.37,247.5 2 0
github.com/treechess/backend/internal/repository/import_repo.go:248.4,248.40 1 0
github.com/treechess/backend/internal/repository/import_repo.go:252.2,252.35 1 0
github.com/treechess/backend/internal/repository/import_repo.go:252.35,254.3 1 0
github.com/treechess/backend/internal/repository/import_repo.go:256.2,260.19 3 0
github.com/treechess/backend/internal/repository/import_repo.go:260.19,262.3 1 0
github.com/treechess/backend/internal/repository/import_repo.go:263.2,264.17 2 0
github.com/treechess/backend/internal/repository/import_repo.go:264.17,266.3 1 0
github.com/treechess/backend/internal/repository/import_repo.go:268.2,269.27 2 0
github.com/treechess/backend/internal/repository/import_repo.go:269.27,271.3 1 0
github.com/treechess/backend/internal/repository/import_repo.go:273.2,278.8 1 0
github.com/treechess/backend/internal/repository/import_repo.go:282.83,289.16 5 0
github.com/treechess/backend/internal/repository/import_repo.go:289.16,290.27 1 0
github.com/treechess/backend/internal/repository/import_repo.go:290.27,292.4 1 0
github.com/treechess/backend/internal/repository/import_repo.go:293.3,293.55 1 0
github.com/treechess/backend/internal/repository/import_repo.go:296.2,297.60 2 0
github.com/treechess/backend/internal/repository/import_repo.go:297.60,299.3 1 0
github.com/treechess/backend/internal/repository/import_repo.go:302.2,304.29 3 0
github.com/treechess/backend/internal/repository/import_repo.go:304.29,305.34 1 0
github.com/treechess/backend/internal/repository/import_repo.go:305.34,307.4 1 0
github.com/treechess/backend/internal/repository/import_repo.go:307.9,309.4 1 0
github.com/treechess/backend/internal/repository/import_repo.go:312.2,312.12 1 0
github.com/treechess/backend/internal/repository/import_repo.go:312.12,314.3 1 0
github.com/treechess/backend/internal/repository/import_repo.go:317.2,317.28 1 0
github.com/treechess/backend/internal/repository/import_repo.go:317.28,319.3 1 0
github.com/treechess/backend/internal/repository/import_repo.go:322.2,323.16 2 0
github.com/treechess/backend/internal/repository/import_repo.go:323.16,325.3 1 0
github.com/treechess/backend/internal/repository/import_repo.go:327.2,328.16 2 0
github.com/treechess/backend/internal/repository/import_repo.go:328.16,330.3 1 0
github.com/treechess/backend/internal/repository/import_repo.go:332.2,332.12 1 0
github.com/treechess/backend/internal/repository/import_repo.go:336.102,341.16 4 0
github.com/treechess/backend/internal/repository/import_repo.go:341.16,343.3 1 0
github.com/treechess/backend/internal/repository/import_repo.go:345.2,346.16 2 0
github.com/treechess/backend/internal/repository/import_repo.go:346.16,348.3 1 0
github.com/treechess/backend/internal/repository/import_repo.go:350.2,350.32 1 0
github.com/treechess/backend/internal/repository/import_repo.go:350.32,352.3 1 0
github.com/treechess/backend/internal/repository/import_repo.go:354.2,354.12 1 0
github.com/treechess/backend/internal/repository/import_repo.go:358.86,364.16 5 0
github.com/treechess/backend/internal/repository/import_repo.go:364.16,366.3 1 0
github.com/treechess/backend/internal/repository/import_repo.go:367.2,367.21 1 0
github.com/treechess/backend/internal/repository/import_repo.go:371.88,376.16 4 0
github.com/treechess/backend/internal/repository/import_repo.go:376.16,378.3 1 0
github.com/treechess/backend/internal/repository/import_repo.go:379.2,383.18 3 0
github.com/treechess/backend/internal/repository/import_repo.go:383.18,389.86 5 0
github.com/treechess/backend/internal/repository/import_repo.go:389.86,391.4 1 0
github.com/treechess/backend/internal/repository/import_repo.go:393.3,394.61 2 0
github.com/treechess/backend/internal/repository/import_repo.go:394.61,396.4 1 0
github.com/treechess/backend/internal/repository/import_repo.go:398.3,398.30 1 0
github.com/treechess/backend/internal/repository/import_repo.go:398.30,399.74 1 0
github.com/treechess/backend/internal/repository/import_repo.go:399.74,401.5 1 0
github.com/treechess/backend/internal/repository/import_repo.go:405.2,405.35 1 0
github.com/treechess/backend/internal/repository/import_repo.go:405.35,407.3 1 0
github.com/treechess/backend/internal/repository/import_repo.go:409.2,410.22 2 0
github.com/treechess/backend/internal/repository/import_repo.go:410.22,412.3 1 0
github.com/treechess/backend/internal/repository/import_repo.go:413.2,415.25 2 0
github.com/treechess/backend/internal/repository/import_repo.go:419.95,427.16 4 0
github.com/treechess/backend/internal/repository/import_repo.go:427.16,429.3 1 0
github.com/treechess/backend/internal/repository/import_repo.go:430.2,430.12 1 0
github.com/treechess/backend/internal/repository/import_repo.go:434.87,442.16 4 0
github.com/treechess/backend/internal/repository/import_repo.go:442.16,444.3 1 0
github.com/treechess/backend/internal/repository/import_repo.go:445.2,448.18 3 0
github.com/treechess/backend/internal/repository/import_repo.go:448.18,451.60 3 0
github.com/treechess/backend/internal/repository/import_repo.go:451.60,453.4 1 0
github.com/treechess/backend/internal/repository/import_repo.go:454.3,454.61 1 0
github.com/treechess/backend/internal/repository/import_repo.go:456.2,456.27 1 0
github.com/treechess/backend/internal/repository/import_repo.go:460.45,461.93 1 0
github.com/treechess/backend/internal/repository/import_repo.go:461.93,463.3 1 0
github.com/treechess/backend/internal/repository/import_repo.go:464.2,464.95 1 0
github.com/treechess/backend/internal/repository/import_repo.go:464.95,466.3 1 0
github.com/treechess/backend/internal/repository/import_repo.go:467.2,467.14 1 0
github.com/treechess/backend/internal/repository/import_repo.go:471.37,473.2 1 0
github.com/treechess/backend/internal/repository/import_repo.go:476.57,477.34 1 1
github.com/treechess/backend/internal/repository/import_repo.go:477.34,478.41 1 1
github.com/treechess/backend/internal/repository/import_repo.go:478.41,480.4 1 1
github.com/treechess/backend/internal/repository/import_repo.go:481.3,481.36 1 1
github.com/treechess/backend/internal/repository/import_repo.go:481.36,483.4 1 1
github.com/treechess/backend/internal/repository/import_repo.go:485.2,485.13 1 1
github.com/treechess/backend/internal/repository/repertoire_repo.go:71.76,73.2 1 0
github.com/treechess/backend/internal/repository/repertoire_repo.go:76.81,92.16 6 0
github.com/treechess/backend/internal/repository/repertoire_repo.go:92.16,93.36 1 0
github.com/treechess/backend/internal/repository/repertoire_repo.go:93.36,95.4 1 0
github.com/treechess/backend/internal/repository/repertoire_repo.go:96.3,96.62 1 0
github.com/treechess/backend/internal/repository/repertoire_repo.go:99.2,99.68 1 0
github.com/treechess/backend/internal/repository/repertoire_repo.go:99.68,101.3 1 0
github.com/treechess/backend/internal/repository/repertoire_repo.go:103.2,103.68 1 0
github.com/treechess/backend/internal/repository/repertoire_repo.go:103.68,105.3 1 0
github.com/treechess/backend/internal/repository/repertoire_repo.go:107.2,107.18 1 0
github.com/treechess/backend/internal/repository/repertoire_repo.go:111.109,116.16 4 0
github.com/treechess/backend/internal/repository/repertoire_repo.go:116.16,118.3 1 0
github.com/treechess/backend/internal/repository/repertoire_repo.go:119.2,121.32 2 0
github.com/treechess/backend/internal/repository/repertoire_repo.go:125.85,130.16 4 0
github.com/treechess/backend/internal/repository/repertoire_repo.go:130.16,132.3 1 0
github.com/treechess/backend/internal/repository/repertoire_repo.go:133.2,135.32 2 0
github.com/treechess/backend/internal/repository/repertoire_repo.go:139.117,160.16 6 0
github.com/treechess/backend/internal/repository/repertoire_repo.go:160.16,162.3 1 0
github.com/treechess/backend/internal/repository/repertoire_repo.go:164.2,165.16 2 0
github.com/treechess/backend/internal/repository/repertoire_repo.go:165.16,167.3 1 0
github.com/treechess/backend/internal/repository/repertoire_repo.go:169.2,195.16 3 0
github.com/treechess/backend/internal/repository/repertoire_repo.go:195.16,197.3 1 0
github.com/treechess/backend/internal/repository/repertoire_repo.go:199.2,199.68 1 0
github.com/treechess/backend/internal/repository/repertoire_repo.go:199.68,201.3 1 0
github.com/treechess/backend/internal/repository/repertoire_repo.go:203.2,203.68 1 0
github.com/treechess/backend/internal/repository/repertoire_repo.go:203.68,205.3 1 0
github.com/treechess/backend/internal/repository/repertoire_repo.go:207.2,207.18 1 0
github.com/treechess/backend/internal/repository/repertoire_repo.go:211.136,216.16 4 0
github.com/treechess/backend/internal/repository/repertoire_repo.go:216.16,218.3 1 0
github.com/treechess/backend/internal/repository/repertoire_repo.go:220.2,221.16 2 0
github.com/treechess/backend/internal/repository/repertoire_repo.go:221.16,223.3 1 0
github.com/treechess/backend/internal/repository/repertoire_repo.go:225.2,241.16 4 0
github.com/treechess/backend/internal/repository/repertoire_repo.go:241.16,243.3 1 0
github.com/treechess/backend/internal/repository/repertoire_repo.go:245.2,245.71 1 0
github.com/treechess/backend/internal/repository/repertoire_repo.go:245.71,247.3 1 0
github.com/treechess/backend/internal/repository/repertoire_repo.go:249.2,249.71 1 0
github.com/treechess/backend/internal/repository/repertoire_repo.go:249.71,251.3 1 0
github.com/treechess/backend/internal/repository/repertoire_repo.go:253.2,253.18 1 0
github.com/treechess/backend/internal/repository/repertoire_repo.go:257.97,273.16 6 0
github.com/treechess/backend/internal/repository/repertoire_repo.go:273.16,275.3 1 0
github.com/treechess/backend/internal/repository/repertoire_repo.go:277.2,277.68 1 0
github.com/treechess/backend/internal/repository/repertoire_repo.go:277.68,279.3 1 0
github.com/treechess/backend/internal/repository/repertoire_repo.go:281.2,281.68 1 0
github.com/treechess/backend/internal/repository/repertoire_repo.go:281.68,283.3 1 0
github.com/treechess/backend/internal/repository/repertoire_repo.go:285.2,285.18 1 0
github.com/treechess/backend/internal/repository/repertoire_repo.go:289.58,294.16 4 0
github.com/treechess/backend/internal/repository/repertoire_repo.go:294.16,296.3 1 0
github.com/treechess/backend/internal/repository/repertoire_repo.go:298.2,298.32 1 0
github.com/treechess/backend/internal/repository/repertoire_repo.go:298.32,300.3 1 0
github.com/treechess/backend/internal/repository/repertoire_repo.go:302.2,302.12 1 0
github.com/treechess/backend/internal/repository/repertoire_repo.go:306.68,312.16 5 0
github.com/treechess/backend/internal/repository/repertoire_repo.go:312.16,314.3 1 0
github.com/treechess/backend/internal/repository/repertoire_repo.go:316.2,316.19 1 0
github.com/treechess/backend/internal/repository/repertoire_repo.go:320.66,326.16 5 0
github.com/treechess/backend/internal/repository/repertoire_repo.go:326.16,328.3 1 0
github.com/treechess/backend/internal/repository/repertoire_repo.go:329.2,329.20 1 0
github.com/treechess/backend/internal/repository/repertoire_repo.go:333.88,339.16 5 0
github.com/treechess/backend/internal/repository/repertoire_repo.go:339.16,341.3 1 0
github.com/treechess/backend/internal/repository/repertoire_repo.go:342.2,342.21 1 0
github.com/treechess/backend/internal/repository/repertoire_repo.go:350.33,353.18 2 0
github.com/treechess/backend/internal/repository/repertoire_repo.go:353.18,366.17 4 0
github.com/treechess/backend/internal/repository/repertoire_repo.go:366.17,368.4 1 0
github.com/treechess/backend/internal/repository/repertoire_repo.go:370.3,370.69 1 0
github.com/treechess/backend/internal/repository/repertoire_repo.go:370.69,372.4 1 0
github.com/treechess/backend/internal/repository/repertoire_repo.go:374.3,374.69 1 0
github.com/treechess/backend/internal/repository/repertoire_repo.go:374.69,376.4 1 0
github.com/treechess/backend/internal/repository/repertoire_repo.go:378.3,378.41 1 0
github.com/treechess/backend/internal/repository/repertoire_repo.go:381.2,381.35 1 0
github.com/treechess/backend/internal/repository/repertoire_repo.go:381.35,383.3 1 0
github.com/treechess/backend/internal/repository/repertoire_repo.go:385.2,385.25 1 0
github.com/treechess/backend/internal/repository/user_repo.go:63.64,65.2 1 0
github.com/treechess/backend/internal/repository/user_repo.go:67.67,75.16 4 0
github.com/treechess/backend/internal/repository/user_repo.go:75.16,77.3 1 0
github.com/treechess/backend/internal/repository/user_repo.go:78.2,78.25 1 0
github.com/treechess/backend/internal/repository/user_repo.go:78.25,80.3 1 0
github.com/treechess/backend/internal/repository/user_repo.go:81.2,81.19 1 0
github.com/treechess/backend/internal/repository/user_repo.go:84.88,90.16 5 0
github.com/treechess/backend/internal/repository/user_repo.go:90.16,91.31 1 0
github.com/treechess/backend/internal/repository/user_repo.go:91.31,93.4 1 0
github.com/treechess/backend/internal/repository/user_repo.go:94.3,94.59 1 0
github.com/treechess/backend/internal/repository/user_repo.go:96.2,96.18 1 0
github.com/treechess/backend/internal/repository/user_repo.go:99.81,104.16 4 0
github.com/treechess/backend/internal/repository/user_repo.go:104.16,105.36 1 0
github.com/treechess/backend/internal/repository/user_repo.go:105.36,107.4 1 0
github.com/treechess/backend/internal/repository/user_repo.go:108.3,108.68 1 0
github.com/treechess/backend/internal/repository/user_repo.go:110.2,110.18 1 0
github.com/treechess/backend/internal/repository/user_repo.go:113.69,118.16 4 0
github.com/treechess/backend/internal/repository/user_repo.go:118.16,119.36 1 0
github.com/treechess/backend/internal/repository/user_repo.go:119.36,121.4 1 0
github.com/treechess/backend/internal/repository/user_repo.go:122.3,122.62 1 0
github.com/treechess/backend/internal/repository/user_repo.go:124.2,124.18 1 0
github.com/treechess/backend/internal/repository/user_repo.go:127.88,132.16 4 0
github.com/treechess/backend/internal/repository/user_repo.go:132.16,133.36 1 0
github.com/treechess/backend/internal/repository/user_repo.go:133.36,135.4 1 0
github.com/treechess/backend/internal/repository/user_repo.go:136.3,136.66 1 0
github.com/treechess/backend/internal/repository/user_repo.go:138.2,138.18 1 0
github.com/treechess/backend/internal/repository/user_repo.go:141.98,147.27 4 0
github.com/treechess/backend/internal/repository/user_repo.go:147.27,149.3 1 0
github.com/treechess/backend/internal/repository/user_repo.go:151.2,153.16 3 0
github.com/treechess/backend/internal/repository/user_repo.go:153.16,154.31 1 0
github.com/treechess/backend/internal/repository/user_repo.go:154.31,156.4 1 0
github.com/treechess/backend/internal/repository/user_repo.go:157.3,157.65 1 0
github.com/treechess/backend/internal/repository/user_repo.go:159.2,159.18 1 0
github.com/treechess/backend/internal/repository/user_repo.go:162.106,167.16 4 0
github.com/treechess/backend/internal/repository/user_repo.go:167.16,169.3 1 0
github.com/treechess/backend/internal/repository/user_repo.go:170.2,170.18 1 0
github.com/treechess/backend/internal/repository/user_repo.go:173.112,178.16 4 0
github.com/treechess/backend/internal/repository/user_repo.go:178.16,180.3 1 0
github.com/treechess/backend/internal/repository/user_repo.go:181.2,181.12 1 0
github.com/treechess/backend/internal/repository/user_repo.go:184.75,189.16 4 0
github.com/treechess/backend/internal/repository/user_repo.go:189.16,191.3 1 0
github.com/treechess/backend/internal/repository/user_repo.go:192.2,192.12 1 0
github.com/treechess/backend/internal/repository/user_repo.go:195.66,201.16 5 0
github.com/treechess/backend/internal/repository/user_repo.go:201.16,203.3 1 0
github.com/treechess/backend/internal/repository/user_repo.go:204.2,204.20 1 0
github.com/treechess/backend/internal/repository/user_repo.go:208.42,209.16 1 0
github.com/treechess/backend/internal/repository/user_repo.go:209.16,211.3 1 0
github.com/treechess/backend/internal/repository/user_repo.go:212.2,213.87 2 0
github.com/treechess/backend/internal/services/auth_service.go:31.113,37.2 1 1
github.com/treechess/backend/internal/services/auth_service.go:39.89,40.44 1 1
github.com/treechess/backend/internal/services/auth_service.go:40.44,42.3 1 1
github.com/treechess/backend/internal/services/auth_service.go:43.2,43.23 1 1
github.com/treechess/backend/internal/services/auth_service.go:43.23,45.3 1 1
github.com/treechess/backend/internal/services/auth_service.go:47.2,48.16 2 1
github.com/treechess/backend/internal/services/auth_service.go:48.16,50.3 1 0
github.com/treechess/backend/internal/services/auth_service.go:52.2,53.16 2 1
github.com/treechess/backend/internal/services/auth_service.go:53.16,55.3 1 1
github.com/treechess/backend/internal/services/auth_service.go:57.2,58.16 2 1
github.com/treechess/backend/internal/services/auth_service.go:58.16,60.3 1 0
github.com/treechess/backend/internal/services/auth_service.go:62.2,62.61 1 1
github.com/treechess/backend/internal/services/auth_service.go:65.86,67.16 2 1
github.com/treechess/backend/internal/services/auth_service.go:67.16,68.40 1 1
github.com/treechess/backend/internal/services/auth_service.go:68.40,70.4 1 1
github.com/treechess/backend/internal/services/auth_service.go:71.3,71.18 1 0
github.com/treechess/backend/internal/services/auth_service.go:74.2,74.58 1 1
github.com/treechess/backend/internal/services/auth_service.go:74.58,76.3 1 1
github.com/treechess/backend/internal/services/auth_service.go:78.2,78.99 1 1
github.com/treechess/backend/internal/services/auth_service.go:78.99,80.3 1 1
github.com/treechess/backend/internal/services/auth_service.go:82.2,83.16 2 1
github.com/treechess/backend/internal/services/auth_service.go:83.16,85.3 1 0
github.com/treechess/backend/internal/services/auth_service.go:87.2,87.61 1 1
github.com/treechess/backend/internal/services/auth_service.go:90.70,91.80 1 1
github.com/treechess/backend/internal/services/auth_service.go:91.80,92.58 1 1
github.com/treechess/backend/internal/services/auth_service.go:92.58,94.4 1 0
github.com/treechess/backend/internal/services/auth_service.go:95.3,95.26 1 1
github.com/treechess/backend/internal/services/auth_service.go:97.2,97.16 1 1
github.com/treechess/backend/internal/services/auth_service.go:97.16,99.3 1 1
github.com/treechess/backend/internal/services/auth_service.go:101.2,102.25 2 1
github.com/treechess/backend/internal/services/auth_service.go:102.25,104.3 1 0
github.com/treechess/backend/internal/services/auth_service.go:106.2,107.22 2 1
github.com/treechess/backend/internal/services/auth_service.go:107.22,109.3 1 0
github.com/treechess/backend/internal/services/auth_service.go:111.2,111.17 1 1
github.com/treechess/backend/internal/services/auth_service.go:114.68,116.2 1 1
github.com/treechess/backend/internal/services/auth_service.go:118.107,120.2 1 1
github.com/treechess/backend/internal/services/auth_service.go:122.72,131.2 3 1
github.com/treechess/backend/internal/services/chesscom_service.go:23.44,29.2 1 0
github.com/treechess/backend/internal/services/chesscom_service.go:36.109,37.20 1 0
github.com/treechess/backend/internal/services/chesscom_service.go:37.20,39.3 1 0
github.com/treechess/backend/internal/services/chesscom_service.go:42.2,43.55 2 0
github.com/treechess/backend/internal/services/chesscom_service.go:43.55,45.3 1 0
github.com/treechess/backend/internal/services/chesscom_service.go:45.8,45.42 1 0
github.com/treechess/backend/internal/services/chesscom_service.go:45.42,47.3 1 0
github.com/treechess/backend/internal/services/chesscom_service.go:50.2,52.16 3 0
github.com/treechess/backend/internal/services/chesscom_service.go:52.16,54.3 1 0
github.com/treechess/backend/internal/services/chesscom_service.go:55.2,57.33 2 0
github.com/treechess/backend/internal/services/chesscom_service.go:58.21,58.21 0 0
github.com/treechess/backend/internal/services/chesscom_service.go:60.27,61.37 1 0
github.com/treechess/backend/internal/services/chesscom_service.go:62.34,63.36 1 0
github.com/treechess/backend/internal/services/chesscom_service.go:64.10,65.72 1 0
github.com/treechess/backend/internal/services/chesscom_service.go:68.2,69.77 2 0
github.com/treechess/backend/internal/services/chesscom_service.go:69.77,71.3 1 0
github.com/treechess/backend/internal/services/chesscom_service.go:73.2,73.33 1 0
github.com/treechess/backend/internal/services/chesscom_service.go:73.33,75.3 1 0
github.com/treechess/backend/internal/services/chesscom_service.go:78.2,79.32 2 0
github.com/treechess/backend/internal/services/chesscom_service.go:79.32,81.3 1 0
github.com/treechess/backend/internal/services/chesscom_service.go:84.2,87.75 3 0
github.com/treechess/backend/internal/services/chesscom_service.go:87.75,90.17 3 0
github.com/treechess/backend/internal/services/chesscom_service.go:90.17,92.12 1 0
github.com/treechess/backend/internal/services/chesscom_service.go:95.3,95.21 1 0
github.com/treechess/backend/internal/services/chesscom_service.go:95.21,96.12 1 0
github.com/treechess/backend/internal/services/chesscom_service.go:100.3,101.30 2 0
github.com/treechess/backend/internal/services/chesscom_service.go:101.30,102.30 1 0
github.com/treechess/backend/internal/services/chesscom_service.go:102.30,103.10 1 0
github.com/treechess/backend/internal/services/chesscom_service.go:105.4,105.24 1 0
github.com/treechess/backend/internal/services/chesscom_service.go:105.24,107.5 1 0
github.com/treechess/backend/internal/services/chesscom_service.go:108.4,109.16 2 0
github.com/treechess/backend/internal/services/chesscom_service.go:113.2,114.19 2 0
github.com/treechess/backend/internal/services/chesscom_service.go:114.19,116.3 1 0
github.com/treechess/backend/internal/services/chesscom_service.go:118.2,118.21 1 0
github.com/treechess/backend/internal/services/chesscom_service.go:121.73,123.16 2 0
github.com/treechess/backend/internal/services/chesscom_service.go:123.16,125.3 1 0
github.com/treechess/backend/internal/services/chesscom_service.go:126.2,129.29 3 0
github.com/treechess/backend/internal/services/chesscom_service.go:132.90,134.16 2 0
github.com/treechess/backend/internal/services/chesscom_service.go:134.16,136.3 1 0
github.com/treechess/backend/internal/services/chesscom_service.go:137.2,140.16 3 0
github.com/treechess/backend/internal/services/chesscom_service.go:140.16,142.3 1 0
github.com/treechess/backend/internal/services/chesscom_service.go:143.2,145.51 2 0
github.com/treechess/backend/internal/services/chesscom_service.go:145.51,147.3 1 0
github.com/treechess/backend/internal/services/chesscom_service.go:148.2,148.38 1 0
github.com/treechess/backend/internal/services/chesscom_service.go:148.38,150.3 1 0
github.com/treechess/backend/internal/services/chesscom_service.go:152.2,153.16 2 0
github.com/treechess/backend/internal/services/chesscom_service.go:153.16,155.3 1 0
github.com/treechess/backend/internal/services/chesscom_service.go:157.2,160.21 2 0
github.com/treechess/backend/internal/services/chesscom_service.go:160.21,162.3 1 0
github.com/treechess/backend/internal/services/chesscom_service.go:164.2,164.21 1 0
github.com/treechess/backend/internal/services/chesscom_service.go:169.100,170.34 1 0
github.com/treechess/backend/internal/services/chesscom_service.go:170.34,172.3 1 0
github.com/treechess/backend/internal/services/chesscom_service.go:174.2,175.31 2 0
github.com/treechess/backend/internal/services/chesscom_service.go:175.31,178.21 2 0
github.com/treechess/backend/internal/services/chesscom_service.go:178.21,179.12 1 0
github.com/treechess/backend/internal/services/chesscom_service.go:181.3,185.61 4 0
github.com/treechess/backend/internal/services/chesscom_service.go:185.61,186.12 1 0
github.com/treechess/backend/internal/services/chesscom_service.go:188.3,188.63 1 0
github.com/treechess/backend/internal/services/chesscom_service.go:188.63,189.12 1 0
github.com/treechess/backend/internal/services/chesscom_service.go:193.3,196.18 3 0
github.com/treechess/backend/internal/services/chesscom_service.go:196.18,198.32 2 0
github.com/treechess/backend/internal/services/chesscom_service.go:198.32,199.13 1 0
github.com/treechess/backend/internal/services/chesscom_service.go:202.3,202.18 1 0
github.com/treechess/backend/internal/services/chesscom_service.go:202.18,204.33 2 0
github.com/treechess/backend/internal/services/chesscom_service.go:204.33,205.13 1 0
github.com/treechess/backend/internal/services/chesscom_service.go:209.3,209.35 1 0
github.com/treechess/backend/internal/services/chesscom_service.go:212.2,212.17 1 0
github.com/treechess/backend/internal/services/chesscom_service.go:217.41,224.29 5 0
github.com/treechess/backend/internal/services/chesscom_service.go:224.29,227.20 2 0
github.com/treechess/backend/internal/services/chesscom_service.go:227.20,228.14 1 0
github.com/treechess/backend/internal/services/chesscom_service.go:228.14,231.19 2 0
github.com/treechess/backend/internal/services/chesscom_service.go:231.19,233.6 1 0
github.com/treechess/backend/internal/services/chesscom_service.go:234.5,235.19 2 0
github.com/treechess/backend/internal/services/chesscom_service.go:237.4,237.12 1 0
github.com/treechess/backend/internal/services/chesscom_service.go:240.3,240.38 1 0
github.com/treechess/backend/internal/services/chesscom_service.go:240.38,242.25 1 0
github.com/treechess/backend/internal/services/chesscom_service.go:242.25,244.5 1 0
github.com/treechess/backend/internal/services/chesscom_service.go:245.4,245.29 1 0
github.com/treechess/backend/internal/services/chesscom_service.go:246.9,249.25 2 0
github.com/treechess/backend/internal/services/chesscom_service.go:249.25,251.5 1 0
github.com/treechess/backend/internal/services/chesscom_service.go:252.4,252.29 1 0
github.com/treechess/backend/internal/services/chesscom_service.go:257.2,258.16 2 0
github.com/treechess/backend/internal/services/chesscom_service.go:258.16,260.3 1 0
github.com/treechess/backend/internal/services/chesscom_service.go:262.2,262.14 1 0
github.com/treechess/backend/internal/services/chesscom_service.go:267.61,271.29 3 0
github.com/treechess/backend/internal/services/chesscom_service.go:271.29,272.40 1 0
github.com/treechess/backend/internal/services/chesscom_service.go:272.40,274.4 1 0
github.com/treechess/backend/internal/services/chesscom_service.go:277.2,277.39 1 0
github.com/treechess/backend/internal/services/chesscom_service.go:283.59,285.49 1 0
github.com/treechess/backend/internal/services/chesscom_service.go:285.49,287.50 2 0
github.com/treechess/backend/internal/services/chesscom_service.go:287.50,291.4 3 0
github.com/treechess/backend/internal/services/chesscom_service.go:294.2,294.13 1 0
github.com/treechess/backend/internal/services/import_service.go:25.145,30.27 2 1
github.com/treechess/backend/internal/services/import_service.go:30.27,32.3 1 0
github.com/treechess/backend/internal/services/import_service.go:33.2,33.12 1 1
github.com/treechess/backend/internal/services/import_service.go:40.89,41.32 1 0
github.com/treechess/backend/internal/services/import_service.go:41.32,43.3 1 0
github.com/treechess/backend/internal/services/import_service.go:47.162,49.16 2 0
github.com/treechess/backend/internal/services/import_service.go:49.16,51.3 1 0
github.com/treechess/backend/internal/services/import_service.go:53.2,53.21 1 0
github.com/treechess/backend/internal/services/import_service.go:53.21,55.3 1 0
github.com/treechess/backend/internal/services/import_service.go:58.2,61.16 4 0
github.com/treechess/backend/internal/services/import_service.go:61.16,63.3 1 0
github.com/treechess/backend/internal/services/import_service.go:64.2,65.16 2 0
github.com/treechess/backend/internal/services/import_service.go:65.16,67.3 1 0
github.com/treechess/backend/internal/services/import_service.go:69.2,71.29 3 0
github.com/treechess/backend/internal/services/import_service.go:71.29,73.22 2 0
github.com/treechess/backend/internal/services/import_service.go:73.22,74.12 1 0
github.com/treechess/backend/internal/services/import_service.go:77.3,78.37 2 0
github.com/treechess/backend/internal/services/import_service.go:78.37,80.4 1 0
github.com/treechess/backend/internal/services/import_service.go:80.9,82.4 1 0
github.com/treechess/backend/internal/services/import_service.go:84.3,87.28 3 0
github.com/treechess/backend/internal/services/import_service.go:87.28,92.4 4 0
github.com/treechess/backend/internal/services/import_service.go:92.9,99.4 3 0
github.com/treechess/backend/internal/services/import_service.go:100.3,102.16 3 0
github.com/treechess/backend/internal/services/import_service.go:105.2,105.23 1 0
github.com/treechess/backend/internal/services/import_service.go:105.23,107.3 1 0
github.com/treechess/backend/internal/services/import_service.go:110.2,111.30 2 0
github.com/treechess/backend/internal/services/import_service.go:111.30,113.29 2 0
github.com/treechess/backend/internal/services/import_service.go:113.29,115.4 1 0
github.com/treechess/backend/internal/services/import_service.go:117.3,118.17 2 0
github.com/treechess/backend/internal/services/import_service.go:118.17,120.4 1 0
github.com/treechess/backend/internal/services/import_service.go:122.3,123.29 2 0
github.com/treechess/backend/internal/services/import_service.go:123.29,124.34 1 0
github.com/treechess/backend/internal/services/import_service.go:124.34,126.5 1 0
github.com/treechess/backend/internal/services/import_service.go:128.3,130.25 2 0
github.com/treechess/backend/internal/services/import_service.go:130.25,132.4 1 0
github.com/treechess/backend/internal/services/import_service.go:135.3,135.27 1 0
github.com/treechess/backend/internal/services/import_service.go:135.27,137.4 1 0
github.com/treechess/backend/internal/services/import_service.go:138.3,138.21 1 0
github.com/treechess/backend/internal/services/import_service.go:141.2,142.16 2 0
github.com/treechess/backend/internal/services/import_service.go:142.16,144.3 1 0
github.com/treechess/backend/internal/services/import_service.go:145.2,148.30 2 0
github.com/treechess/backend/internal/services/import_service.go:148.30,150.29 2 0
github.com/treechess/backend/internal/services/import_service.go:150.29,155.4 1 0
github.com/treechess/backend/internal/services/import_service.go:156.3,156.82 1 0
github.com/treechess/backend/internal/services/import_service.go:156.82,159.4 1 0
github.com/treechess/backend/internal/services/import_service.go:162.2,162.30 1 0
github.com/treechess/backend/internal/services/import_service.go:166.153,167.27 1 0
github.com/treechess/backend/internal/services/import_service.go:167.27,169.3 1 0
github.com/treechess/backend/internal/services/import_service.go:171.2,174.29 3 0
github.com/treechess/backend/internal/services/import_service.go:174.29,176.24 2 0
github.com/treechess/backend/internal/services/import_service.go:176.24,179.4 2 0
github.com/treechess/backend/internal/services/import_service.go:182.2,182.34 1 0
github.com/treechess/backend/internal/services/import_service.go:186.128,192.31 5 0
github.com/treechess/backend/internal/services/import_service.go:192.31,197.17 4 0
github.com/treechess/backend/internal/services/import_service.go:197.17,198.65 1 0
github.com/treechess/backend/internal/services/import_service.go:198.65,200.5 1 0
github.com/treechess/backend/internal/services/import_service.go:203.3,203.35 1 0
github.com/treechess/backend/internal/services/import_service.go:206.2,206.19 1 0
github.com/treechess/backend/internal/services/import_service.go:209.92,215.45 5 1
github.com/treechess/backend/internal/services/import_service.go:215.45,217.3 1 1
github.com/treechess/backend/internal/services/import_service.go:218.2,218.45 1 1
github.com/treechess/backend/internal/services/import_service.go:218.45,220.3 1 1
github.com/treechess/backend/internal/services/import_service.go:221.2,221.11 1 1
github.com/treechess/backend/internal/services/import_service.go:224.73,231.35 3 1
github.com/treechess/backend/internal/services/import_service.go:231.35,233.20 2 1
github.com/treechess/backend/internal/services/import_service.go:233.20,234.12 1 0
github.com/treechess/backend/internal/services/import_service.go:236.3,238.17 3 1
github.com/treechess/backend/internal/services/import_service.go:238.17,240.12 1 1
github.com/treechess/backend/internal/services/import_service.go:242.3,242.31 1 1
github.com/treechess/backend/internal/services/import_service.go:242.31,243.29 1 1
github.com/treechess/backend/internal/services/import_service.go:243.29,245.5 1 1
github.com/treechess/backend/internal/services/import_service.go:249.2,249.24 1 1
github.com/treechess/backend/internal/services/import_service.go:255.44,261.29 5 1
github.com/treechess/backend/internal/services/import_service.go:261.29,264.51 2 1
github.com/treechess/backend/internal/services/import_service.go:264.51,267.18 2 1
github.com/treechess/backend/internal/services/import_service.go:267.18,269.5 1 1
github.com/treechess/backend/internal/services/import_service.go:270.4,271.21 2 1
github.com/treechess/backend/internal/services/import_service.go:274.3,274.56 1 1
github.com/treechess/backend/internal/services/import_service.go:274.56,276.4 1 1
github.com/treechess/backend/internal/services/import_service.go:278.3,279.28 2 1
github.com/treechess/backend/internal/services/import_service.go:283.2,284.16 2 1
github.com/treechess/backend/internal/services/import_service.go:284.16,286.3 1 1
github.com/treechess/backend/internal/services/import_service.go:288.2,288.14 1 1
github.com/treechess/backend/internal/services/import_service.go:291.152,302.31 5 1
github.com/treechess/backend/internal/services/import_service.go:302.31,310.17 6 1
github.com/treechess/backend/internal/services/import_service.go:310.17,311.65 1 1
github.com/treechess/backend/internal/services/import_service.go:311.65,313.5 1 1
github.com/treechess/backend/internal/services/import_service.go:313.10,316.5 2 1
github.com/treechess/backend/internal/services/import_service.go:317.9,318.65 1 1
github.com/treechess/backend/internal/services/import_service.go:318.65,320.5 1 0
github.com/treechess/backend/internal/services/import_service.go:320.10,322.5 1 1
github.com/treechess/backend/internal/services/import_service.go:325.3,335.35 3 1
github.com/treechess/backend/internal/services/import_service.go:338.2,338.17 1 1
github.com/treechess/backend/internal/services/import_service.go:341.38,343.21 2 1
github.com/treechess/backend/internal/services/import_service.go:343.21,345.3 1 1
github.com/treechess/backend/internal/services/import_service.go:346.2,346.12 1 1
github.com/treechess/backend/internal/services/import_service.go:349.76,354.29 4 1
github.com/treechess/backend/internal/services/import_service.go:354.29,355.67 1 1
github.com/treechess/backend/internal/services/import_service.go:355.67,358.23 3 1
github.com/treechess/backend/internal/services/import_service.go:358.23,362.5 3 1
github.com/treechess/backend/internal/services/import_service.go:366.2,366.36 1 1
github.com/treechess/backend/internal/services/import_service.go:366.36,368.3 1 1
github.com/treechess/backend/internal/services/import_service.go:369.2,369.36 1 1
github.com/treechess/backend/internal/services/import_service.go:369.36,371.3 1 1
github.com/treechess/backend/internal/services/import_service.go:372.2,372.36 1 1
github.com/treechess/backend/internal/services/import_service.go:372.36,374.3 1 1
github.com/treechess/backend/internal/services/import_service.go:375.2,375.37 1 1
github.com/treechess/backend/internal/services/import_service.go:375.37,377.3 1 1
github.com/treechess/backend/internal/services/import_service.go:379.2,379.16 1 1
github.com/treechess/backend/internal/services/import_service.go:382.105,384.49 2 1
github.com/treechess/backend/internal/services/import_service.go:384.49,385.29 1 1
github.com/treechess/backend/internal/services/import_service.go:385.29,386.40 1 1
github.com/treechess/backend/internal/services/import_service.go:386.40,387.48 1 1
github.com/treechess/backend/internal/services/import_service.go:387.48,389.6 1 1
github.com/treechess/backend/internal/services/import_service.go:391.4,391.16 1 1
github.com/treechess/backend/internal/services/import_service.go:393.3,393.39 1 1
github.com/treechess/backend/internal/services/import_service.go:393.39,394.22 1 1
github.com/treechess/backend/internal/services/import_service.go:394.22,396.5 1 1
github.com/treechess/backend/internal/services/import_service.go:398.3,398.15 1 1
github.com/treechess/backend/internal/services/import_service.go:400.2,400.21 1 1
github.com/treechess/backend/internal/services/import_service.go:403.96,405.49 2 1
github.com/treechess/backend/internal/services/import_service.go:405.49,406.29 1 1
github.com/treechess/backend/internal/services/import_service.go:406.29,407.40 1 1
github.com/treechess/backend/internal/services/import_service.go:407.40,408.42 1 1
github.com/treechess/backend/internal/services/import_service.go:408.42,410.6 1 1
github.com/treechess/backend/internal/services/import_service.go:412.4,412.13 1 1
github.com/treechess/backend/internal/services/import_service.go:414.3,414.39 1 1
github.com/treechess/backend/internal/services/import_service.go:414.39,415.20 1 1
github.com/treechess/backend/internal/services/import_service.go:415.20,416.45 1 1
github.com/treechess/backend/internal/services/import_service.go:416.45,418.6 1 1
github.com/treechess/backend/internal/services/import_service.go:421.3,421.12 1 1
github.com/treechess/backend/internal/services/import_service.go:423.2,423.19 1 1
github.com/treechess/backend/internal/services/import_service.go:427.59,429.16 2 1
github.com/treechess/backend/internal/services/import_service.go:429.16,431.3 1 0
github.com/treechess/backend/internal/services/import_service.go:432.2,432.12 1 1
github.com/treechess/backend/internal/services/import_service.go:436.61,439.16 3 1
github.com/treechess/backend/internal/services/import_service.go:439.16,441.3 1 1
github.com/treechess/backend/internal/services/import_service.go:442.2,444.16 3 1
github.com/treechess/backend/internal/services/import_service.go:444.16,446.3 1 1
github.com/treechess/backend/internal/services/import_service.go:447.2,447.12 1 1
github.com/treechess/backend/internal/services/import_service.go:451.69,454.16 3 1
github.com/treechess/backend/internal/services/import_service.go:454.16,456.3 1 1
github.com/treechess/backend/internal/services/import_service.go:457.2,460.29 4 1
github.com/treechess/backend/internal/services/import_service.go:460.29,462.3 1 1
github.com/treechess/backend/internal/services/import_service.go:463.2,463.22 1 1
github.com/treechess/backend/internal/services/import_service.go:467.86,469.16 2 0
github.com/treechess/backend/internal/services/import_service.go:469.16,471.3 1 0
github.com/treechess/backend/internal/services/import_service.go:472.2,472.22 1 0
github.com/treechess/backend/internal/services/import_service.go:476.84,478.2 1 0
github.com/treechess/backend/internal/services/import_service.go:481.57,483.2 1 0
github.com/treechess/backend/internal/services/import_service.go:486.140,488.16 2 0
github.com/treechess/backend/internal/services/import_service.go:488.16,490.3 1 0
github.com/treechess/backend/internal/services/import_service.go:491.2,491.22 1 0
github.com/treechess/backend/internal/services/import_service.go:495.81,497.2 1 0
github.com/treechess/backend/internal/services/import_service.go:500.88,502.2 1 0
github.com/treechess/backend/internal/services/import_service.go:505.72,507.16 2 0
github.com/treechess/backend/internal/services/import_service.go:507.16,509.3 1 0
github.com/treechess/backend/internal/services/import_service.go:510.2,510.14 1 0
github.com/treechess/backend/internal/services/import_service.go:510.14,512.3 1 0
github.com/treechess/backend/internal/services/import_service.go:513.2,513.12 1 0
github.com/treechess/backend/internal/services/import_service.go:517.76,518.30 1 0
github.com/treechess/backend/internal/services/import_service.go:518.30,519.91 1 0
github.com/treechess/backend/internal/services/import_service.go:519.91,521.4 1 0
github.com/treechess/backend/internal/services/import_service.go:523.2,523.57 1 0
github.com/treechess/backend/internal/services/import_service.go:527.124,529.16 2 0
github.com/treechess/backend/internal/services/import_service.go:529.16,531.3 1 0
github.com/treechess/backend/internal/services/import_service.go:533.2,535.32 3 0
github.com/treechess/backend/internal/services/import_service.go:535.32,536.47 1 0
github.com/treechess/backend/internal/services/import_service.go:536.47,539.9 3 0
github.com/treechess/backend/internal/services/import_service.go:542.2,542.23 1 0
github.com/treechess/backend/internal/services/import_service.go:542.23,544.3 1 0
github.com/treechess/backend/internal/services/import_service.go:546.2,547.16 2 0
github.com/treechess/backend/internal/services/import_service.go:547.16,549.3 1 0
github.com/treechess/backend/internal/services/import_service.go:551.2,551.46 1 0
github.com/treechess/backend/internal/services/import_service.go:551.46,553.3 1 0
github.com/treechess/backend/internal/services/import_service.go:555.2,559.16 4 0
github.com/treechess/backend/internal/services/import_service.go:559.16,561.3 1 0
github.com/treechess/backend/internal/services/import_service.go:563.2,563.29 1 0
github.com/treechess/backend/internal/services/import_service.go:567.126,580.34 2 0
github.com/treechess/backend/internal/services/import_service.go:580.34,584.22 3 0
github.com/treechess/backend/internal/services/import_service.go:584.22,585.73 1 0
github.com/treechess/backend/internal/services/import_service.go:585.73,588.5 2 0
github.com/treechess/backend/internal/services/import_service.go:588.10,591.5 2 0
github.com/treechess/backend/internal/services/import_service.go:592.9,593.73 1 0
github.com/treechess/backend/internal/services/import_service.go:593.73,595.5 1 0
github.com/treechess/backend/internal/services/import_service.go:595.10,597.5 1 0
github.com/treechess/backend/internal/services/import_service.go:600.3,607.4 1 0
github.com/treechess/backend/internal/services/import_service.go:610.2,610.15 1 0
github.com/treechess/backend/internal/services/import_service.go:617.88,619.79 1 1
github.com/treechess/backend/internal/services/import_service.go:619.79,621.3 1 1
github.com/treechess/backend/internal/services/import_service.go:623.2,623.77 1 1
github.com/treechess/backend/internal/services/import_service.go:623.77,625.3 1 1
github.com/treechess/backend/internal/services/import_service.go:628.2,641.24 13 1
github.com/treechess/backend/internal/services/import_service.go:641.24,643.3 1 1
github.com/treechess/backend/internal/services/import_service.go:644.2,644.29 1 1
github.com/treechess/backend/internal/services/import_service.go:644.29,645.12 1 1
github.com/treechess/backend/internal/services/import_service.go:645.12,647.4 1 1
github.com/treechess/backend/internal/services/import_service.go:648.3,648.30 1 1
github.com/treechess/backend/internal/services/import_service.go:651.2,652.39 2 1
github.com/treechess/backend/internal/services/import_service.go:655.39,657.21 2 1
github.com/treechess/backend/internal/services/import_service.go:657.21,659.3 1 1
github.com/treechess/backend/internal/services/import_service.go:660.2,660.21 1 1
github.com/treechess/backend/internal/services/import_service.go:660.21,662.3 1 1
github.com/treechess/backend/internal/services/import_service.go:663.2,663.21 1 1
github.com/treechess/backend/internal/services/lichess_service.go:25.42,31.2 1 1
github.com/treechess/backend/internal/services/lichess_service.go:34.83,35.19 1 0
github.com/treechess/backend/internal/services/lichess_service.go:35.19,37.3 1 0
github.com/treechess/backend/internal/services/lichess_service.go:39.2,43.16 3 0
github.com/treechess/backend/internal/services/lichess_service.go:43.16,45.3 1 0
github.com/treechess/backend/internal/services/lichess_service.go:47.2,48.21 2 0
github.com/treechess/backend/internal/services/lichess_service.go:48.21,50.3 1 0
github.com/treechess/backend/internal/services/lichess_service.go:52.2,53.16 2 0
github.com/treechess/backend/internal/services/lichess_service.go:53.16,55.3 1 0
github.com/treechess/backend/internal/services/lichess_service.go:56.2,58.25 2 0
github.com/treechess/backend/internal/services/lichess_service.go:59.21,59.21 0 0
github.com/treechess/backend/internal/services/lichess_service.go:61.27,62.37 1 0
github.com/treechess/backend/internal/services/lichess_service.go:63.28,64.38 1 0
github.com/treechess/backend/internal/services/lichess_service.go:65.34,66.35 1 0
github.com/treechess/backend/internal/services/lichess_service.go:67.10,68.62 1 0
github.com/treechess/backend/internal/services/lichess_service.go:71.2,72.16 2 0
github.com/treechess/backend/internal/services/lichess_service.go:72.16,74.3 1 0
github.com/treechess/backend/internal/services/lichess_service.go:76.2,77.19 2 0
github.com/treechess/backend/internal/services/lichess_service.go:77.19,79.3 1 0
github.com/treechess/backend/internal/services/lichess_service.go:81.2,81.21 1 0
github.com/treechess/backend/internal/services/lichess_service.go:85.101,86.38 1 0
github.com/treechess/backend/internal/services/lichess_service.go:86.38,88.3 1 0
github.com/treechess/backend/internal/services/lichess_service.go:90.2,94.16 3 0
github.com/treechess/backend/internal/services/lichess_service.go:94.16,96.3 1 0
github.com/treechess/backend/internal/services/lichess_service.go:98.2,99.21 2 0
github.com/treechess/backend/internal/services/lichess_service.go:99.21,101.3 1 0
github.com/treechess/backend/internal/services/lichess_service.go:103.2,104.16 2 0
github.com/treechess/backend/internal/services/lichess_service.go:104.16,106.3 1 0
github.com/treechess/backend/internal/services/lichess_service.go:107.2,109.25 2 0
github.com/treechess/backend/internal/services/lichess_service.go:110.21,110.21 0 0
github.com/treechess/backend/internal/services/lichess_service.go:112.27,113.37 1 0
github.com/treechess/backend/internal/services/lichess_service.go:114.28,115.38 1 0
github.com/treechess/backend/internal/services/lichess_service.go:116.34,117.35 1 0
github.com/treechess/backend/internal/services/lichess_service.go:118.10,119.62 1 0
github.com/treechess/backend/internal/services/lichess_service.go:122.2,123.16 2 0
github.com/treechess/backend/internal/services/lichess_service.go:123.16,125.3 1 0
github.com/treechess/backend/internal/services/lichess_service.go:127.2,127.26 1 0
github.com/treechess/backend/internal/services/lichess_service.go:131.107,132.20 1 1
github.com/treechess/backend/internal/services/lichess_service.go:132.20,134.3 1 1
github.com/treechess/backend/internal/services/lichess_service.go:137.2,138.16 2 1
github.com/treechess/backend/internal/services/lichess_service.go:138.16,140.3 1 0
github.com/treechess/backend/internal/services/lichess_service.go:142.2,146.55 3 1
github.com/treechess/backend/internal/services/lichess_service.go:146.55,148.3 1 0
github.com/treechess/backend/internal/services/lichess_service.go:148.8,148.42 1 1
github.com/treechess/backend/internal/services/lichess_service.go:148.42,150.3 1 0
github.com/treechess/backend/internal/services/lichess_service.go:151.2,154.23 2 1
github.com/treechess/backend/internal/services/lichess_service.go:154.23,156.3 1 0
github.com/treechess/backend/internal/services/lichess_service.go:157.2,157.23 1 1
github.com/treechess/backend/internal/services/lichess_service.go:157.23,159.3 1 0
github.com/treechess/backend/internal/services/lichess_service.go:160.2,160.26 1 1
github.com/treechess/backend/internal/services/lichess_service.go:160.26,162.3 1 0
github.com/treechess/backend/internal/services/lichess_service.go:163.2,163.28 1 1
github.com/treechess/backend/internal/services/lichess_service.go:163.28,165.3 1 0
github.com/treechess/backend/internal/services/lichess_service.go:167.2,170.16 3 1
github.com/treechess/backend/internal/services/lichess_service.go:170.16,172.3 1 0
github.com/treechess/backend/internal/services/lichess_service.go:175.2,178.16 3 1
github.com/treechess/backend/internal/services/lichess_service.go:178.16,180.3 1 0
github.com/treechess/backend/internal/services/lichess_service.go:181.2,184.25 2 1
github.com/treechess/backend/internal/services/lichess_service.go:185.21,185.21 0 0
github.com/treechess/backend/internal/services/lichess_service.go:187.27,188.36 1 1
github.com/treechess/backend/internal/services/lichess_service.go:189.34,190.35 1 0
github.com/treechess/backend/internal/services/lichess_service.go:191.10,192.62 1 0
github.com/treechess/backend/internal/services/lichess_service.go:195.2,196.16 2 0
github.com/treechess/backend/internal/services/lichess_service.go:196.16,198.3 1 0
github.com/treechess/backend/internal/services/lichess_service.go:200.2,201.19 2 0
github.com/treechess/backend/internal/services/lichess_service.go:201.19,203.3 1 0
github.com/treechess/backend/internal/services/lichess_service.go:205.2,205.21 1 0
github.com/treechess/backend/internal/services/oauth_service.go:31.128,47.2 2 1
github.com/treechess/backend/internal/services/oauth_service.go:51.91,53.49 2 1
github.com/treechess/backend/internal/services/oauth_service.go:53.49,55.3 1 0
github.com/treechess/backend/internal/services/oauth_service.go:56.2,59.52 3 1
github.com/treechess/backend/internal/services/oauth_service.go:59.52,61.3 1 0
github.com/treechess/backend/internal/services/oauth_service.go:62.2,72.42 5 1
github.com/treechess/backend/internal/services/oauth_service.go:83.140,87.16 2 0
github.com/treechess/backend/internal/services/oauth_service.go:87.16,89.3 1 0
github.com/treechess/backend/internal/services/oauth_service.go:91.2,92.16 2 0
github.com/treechess/backend/internal/services/oauth_service.go:92.16,94.3 1 0
github.com/treechess/backend/internal/services/oauth_service.go:95.2,99.16 4 0
github.com/treechess/backend/internal/services/oauth_service.go:99.16,101.3 1 0
github.com/treechess/backend/internal/services/oauth_service.go:102.2,104.38 2 0
github.com/treechess/backend/internal/services/oauth_service.go:104.38,107.3 2 0
github.com/treechess/backend/internal/services/oauth_service.go:109.2,110.68 2 0
github.com/treechess/backend/internal/services/oauth_service.go:110.68,112.3 1 0
github.com/treechess/backend/internal/services/oauth_service.go:114.2,114.61 1 0
github.com/treechess/backend/internal/services/oauth_service.go:119.128,121.53 2 1
github.com/treechess/backend/internal/services/oauth_service.go:121.53,123.3 1 1
github.com/treechess/backend/internal/services/oauth_service.go:125.2,125.17 1 1
github.com/treechess/backend/internal/services/oauth_service.go:125.17,129.21 3 1
github.com/treechess/backend/internal/services/oauth_service.go:129.21,131.18 2 1
github.com/treechess/backend/internal/services/oauth_service.go:131.18,133.5 1 1
github.com/treechess/backend/internal/services/oauth_service.go:134.4,134.15 1 1
github.com/treechess/backend/internal/services/oauth_service.go:134.15,135.10 1 1
github.com/treechess/backend/internal/services/oauth_service.go:137.4,137.53 1 1
github.com/treechess/backend/internal/services/oauth_service.go:140.3,141.17 2 1
github.com/treechess/backend/internal/services/oauth_service.go:141.17,143.4 1 0
github.com/treechess/backend/internal/services/oauth_service.go:146.2,147.16 2 1
github.com/treechess/backend/internal/services/oauth_service.go:147.16,149.3 1 0
github.com/treechess/backend/internal/services/oauth_service.go:151.2,151.68 1 1
github.com/treechess/backend/internal/services/pgn_tree_parser.go:34.54,40.12 5 1
github.com/treechess/backend/internal/services/pgn_tree_parser.go:40.12,44.26 2 1
github.com/treechess/backend/internal/services/pgn_tree_parser.go:44.26,46.12 2 1
github.com/treechess/backend/internal/services/pgn_tree_parser.go:50.3,50.16 1 1
github.com/treechess/backend/internal/services/pgn_tree_parser.go:50.16,53.33 3 1
github.com/treechess/backend/internal/services/pgn_tree_parser.go:53.33,55.5 1 1
github.com/treechess/backend/internal/services/pgn_tree_parser.go:56.4,57.13 2 1
github.com/treechess/backend/internal/services/pgn_tree_parser.go:57.13,59.5 1 1
github.com/treechess/backend/internal/services/pgn_tree_parser.go:60.4,60.12 1 1
github.com/treechess/backend/internal/services/pgn_tree_parser.go:64.3,64.16 1 1
github.com/treechess/backend/internal/services/pgn_tree_parser.go:64.16,65.34 1 0
github.com/treechess/backend/internal/services/pgn_tree_parser.go:65.34,67.5 1 0
github.com/treechess/backend/internal/services/pgn_tree_parser.go:68.4,68.12 1 0
github.com/treechess/backend/internal/services/pgn_tree_parser.go:72.3,72.16 1 1
github.com/treechess/backend/internal/services/pgn_tree_parser.go:72.16,75.12 3 1
github.com/treechess/backend/internal/services/pgn_tree_parser.go:79.3,79.16 1 1
github.com/treechess/backend/internal/services/pgn_tree_parser.go:79.16,82.12 3 1
github.com/treechess/backend/internal/services/pgn_tree_parser.go:86.3,86.16 1 1
github.com/treechess/backend/internal/services/pgn_tree_parser.go:86.16,89.43 3 1
github.com/treechess/backend/internal/services/pgn_tree_parser.go:89.43,91.5 1 1
github.com/treechess/backend/internal/services/pgn_tree_parser.go:92.4,93.12 2 1
github.com/treechess/backend/internal/services/pgn_tree_parser.go:97.3,98.138 2 1
github.com/treechess/backend/internal/services/pgn_tree_parser.go:98.138,100.4 1 1
github.com/treechess/backend/internal/services/pgn_tree_parser.go:101.3,103.17 2 1
github.com/treechess/backend/internal/services/pgn_tree_parser.go:103.17,104.12 1 0
github.com/treechess/backend/internal/services/pgn_tree_parser.go:108.3,108.73 1 1
github.com/treechess/backend/internal/services/pgn_tree_parser.go:108.73,110.12 2 1
github.com/treechess/backend/internal/services/pgn_tree_parser.go:115.3,115.97 1 1
github.com/treechess/backend/internal/services/pgn_tree_parser.go:115.97,117.12 2 0
github.com/treechess/backend/internal/services/pgn_tree_parser.go:121.3,121.25 1 1
github.com/treechess/backend/internal/services/pgn_tree_parser.go:121.25,123.12 2 1
github.com/treechess/backend/internal/services/pgn_tree_parser.go:127.3,128.22 2 1
github.com/treechess/backend/internal/services/pgn_tree_parser.go:128.22,130.17 2 1
github.com/treechess/backend/internal/services/pgn_tree_parser.go:130.17,132.5 1 1
github.com/treechess/backend/internal/services/pgn_tree_parser.go:136.2,136.15 1 1
github.com/treechess/backend/internal/services/pgn_tree_parser.go:140.37,142.55 1 1
github.com/treechess/backend/internal/services/pgn_tree_parser.go:142.55,144.3 1 1
github.com/treechess/backend/internal/services/pgn_tree_parser.go:146.2,147.54 2 1
github.com/treechess/backend/internal/services/pgn_tree_parser.go:147.54,149.3 1 1
github.com/treechess/backend/internal/services/pgn_tree_parser.go:151.2,151.20 1 1
github.com/treechess/backend/internal/services/pgn_tree_parser.go:151.20,153.3 1 0
github.com/treechess/backend/internal/services/pgn_tree_parser.go:154.2,154.20 1 1
github.com/treechess/backend/internal/services/pgn_tree_parser.go:154.20,155.21 1 1
github.com/treechess/backend/internal/services/pgn_tree_parser.go:155.21,157.4 1 0
github.com/treechess/backend/internal/services/pgn_tree_parser.go:158.3,158.6 1 1
github.com/treechess/backend/internal/services/pgn_tree_parser.go:160.2,160.13 1 1
github.com/treechess/backend/internal/services/pgn_tree_parser.go:164.53,166.29 2 1
github.com/treechess/backend/internal/services/pgn_tree_parser.go:166.29,167.33 1 1
github.com/treechess/backend/internal/services/pgn_tree_parser.go:167.33,169.4 1 1
github.com/treechess/backend/internal/services/pgn_tree_parser.go:171.2,171.17 1 1
github.com/treechess/backend/internal/services/pgn_tree_parser.go:176.87,181.60 3 1
github.com/treechess/backend/internal/services/pgn_tree_parser.go:181.60,183.46 2 1
github.com/treechess/backend/internal/services/pgn_tree_parser.go:183.46,185.4 1 1
github.com/treechess/backend/internal/services/pgn_tree_parser.go:188.2,208.24 7 1
github.com/treechess/backend/internal/services/pgn_tree_parser.go:208.24,211.18 2 1
github.com/treechess/backend/internal/services/pgn_tree_parser.go:212.47,214.9 1 1
github.com/treechess/backend/internal/services/pgn_tree_parser.go:216.21,219.43 2 1
github.com/treechess/backend/internal/services/pgn_tree_parser.go:219.43,221.29 2 1
github.com/treechess/backend/internal/services/pgn_tree_parser.go:221.29,223.6 1 1
github.com/treechess/backend/internal/services/pgn_tree_parser.go:225.4,225.9 1 1
github.com/treechess/backend/internal/services/pgn_tree_parser.go:227.18,228.23 1 1
github.com/treechess/backend/internal/services/pgn_tree_parser.go:228.23,230.5 1 0
github.com/treechess/backend/internal/services/pgn_tree_parser.go:231.4,239.47 6 1
github.com/treechess/backend/internal/services/pgn_tree_parser.go:239.47,240.48 1 1
github.com/treechess/backend/internal/services/pgn_tree_parser.go:240.48,242.11 2 1
github.com/treechess/backend/internal/services/pgn_tree_parser.go:246.4,246.28 1 1
github.com/treechess/backend/internal/services/pgn_tree_parser.go:246.28,249.49 2 1
github.com/treechess/backend/internal/services/pgn_tree_parser.go:249.49,251.6 1 0
github.com/treechess/backend/internal/services/pgn_tree_parser.go:252.5,253.24 2 1
github.com/treechess/backend/internal/services/pgn_tree_parser.go:254.10,257.49 2 1
github.com/treechess/backend/internal/services/pgn_tree_parser.go:257.49,259.6 1 1
github.com/treechess/backend/internal/services/pgn_tree_parser.go:261.5,263.44 3 1
github.com/treechess/backend/internal/services/pgn_tree_parser.go:263.44,265.6 1 1
github.com/treechess/backend/internal/services/pgn_tree_parser.go:267.5,283.24 7 1
github.com/treechess/backend/internal/services/pgn_tree_parser.go:285.4,285.9 1 1
github.com/treechess/backend/internal/services/pgn_tree_parser.go:287.28,291.23 1 1
github.com/treechess/backend/internal/services/pgn_tree_parser.go:291.23,293.5 1 0
github.com/treechess/backend/internal/services/pgn_tree_parser.go:294.4,300.25 3 1
github.com/treechess/backend/internal/services/pgn_tree_parser.go:300.25,303.5 1 0
github.com/treechess/backend/internal/services/pgn_tree_parser.go:305.4,308.9 3 1
github.com/treechess/backend/internal/services/pgn_tree_parser.go:310.26,312.22 1 1
github.com/treechess/backend/internal/services/pgn_tree_parser.go:312.22,314.5 1 1
github.com/treechess/backend/internal/services/pgn_tree_parser.go:315.4,315.9 1 1
github.com/treechess/backend/internal/services/pgn_tree_parser.go:317.11,318.9 1 0
github.com/treechess/backend/internal/services/pgn_tree_parser.go:322.2,322.27 1 1
github.com/treechess/backend/internal/services/pgn_tree_parser.go:326.73,331.29 4 1
github.com/treechess/backend/internal/services/pgn_tree_parser.go:331.29,333.73 2 1
github.com/treechess/backend/internal/services/pgn_tree_parser.go:333.73,337.23 3 1
github.com/treechess/backend/internal/services/pgn_tree_parser.go:337.23,341.5 3 1
github.com/treechess/backend/internal/services/pgn_tree_parser.go:342.4,342.25 1 1
github.com/treechess/backend/internal/services/pgn_tree_parser.go:343.9,343.49 1 1
github.com/treechess/backend/internal/services/pgn_tree_parser.go:343.49,345.4 1 1
github.com/treechess/backend/internal/services/pgn_tree_parser.go:345.9,345.27 1 1
github.com/treechess/backend/internal/services/pgn_tree_parser.go:345.27,346.9 1 1
github.com/treechess/backend/internal/services/pgn_tree_parser.go:350.2,351.26 2 1
github.com/treechess/backend/internal/services/pgn_tree_parser.go:355.43,358.26 3 1
github.com/treechess/backend/internal/services/pgn_tree_parser.go:358.26,360.3 1 1
github.com/treechess/backend/internal/services/pgn_tree_parser.go:361.2,361.16 1 1
github.com/treechess/backend/internal/services/pgn_tree_parser.go:365.36,367.2 1 1
github.com/treechess/backend/internal/services/pgn_tree_parser.go:370.91,371.38 1 1
github.com/treechess/backend/internal/services/pgn_tree_parser.go:371.38,372.26 1 1
github.com/treechess/backend/internal/services/pgn_tree_parser.go:372.26,374.4 1 1
github.com/treechess/backend/internal/services/pgn_tree_parser.go:375.3,375.62 1 1
github.com/treechess/backend/internal/services/pgn_tree_parser.go:375.62,377.4 1 1
github.com/treechess/backend/internal/services/pgn_tree_parser.go:379.2,379.12 1 1
github.com/treechess/backend/internal/services/pgn_tree_parser.go:384.113,387.17 2 1
github.com/treechess/backend/internal/services/pgn_tree_parser.go:387.17,389.3 1 0
github.com/treechess/backend/internal/services/pgn_tree_parser.go:391.2,393.33 2 1
github.com/treechess/backend/internal/services/pgn_tree_parser.go:393.33,394.26 1 1
github.com/treechess/backend/internal/services/pgn_tree_parser.go:394.26,395.51 1 1
github.com/treechess/backend/internal/services/pgn_tree_parser.go:395.51,398.5 1 0
github.com/treechess/backend/internal/services/pgn_tree_parser.go:401.2,401.10 1 1
github.com/treechess/backend/internal/services/pgn_tree_parser.go:405.92,406.25 1 1
github.com/treechess/backend/internal/services/pgn_tree_parser.go:406.25,408.3 1 1
github.com/treechess/backend/internal/services/pgn_tree_parser.go:409.2,409.38 1 1
github.com/treechess/backend/internal/services/pgn_tree_parser.go:409.38,410.59 1 1
github.com/treechess/backend/internal/services/pgn_tree_parser.go:410.59,412.4 1 1
github.com/treechess/backend/internal/services/pgn_tree_parser.go:414.2,414.12 1 1
github.com/treechess/backend/internal/services/repertoire_service.go:61.84,63.2 1 1
github.com/treechess/backend/internal/services/repertoire_service.go:66.122,67.62 1 1
github.com/treechess/backend/internal/services/repertoire_service.go:67.62,69.3 1 1
github.com/treechess/backend/internal/services/repertoire_service.go:71.2,72.16 2 1
github.com/treechess/backend/internal/services/repertoire_service.go:72.16,74.3 1 1
github.com/treechess/backend/internal/services/repertoire_service.go:75.2,75.45 1 1
github.com/treechess/backend/internal/services/repertoire_service.go:75.45,77.3 1 1
github.com/treechess/backend/internal/services/repertoire_service.go:80.2,81.16 2 1
github.com/treechess/backend/internal/services/repertoire_service.go:81.16,83.3 1 0
github.com/treechess/backend/internal/services/repertoire_service.go:84.2,84.36 1 1
github.com/treechess/backend/internal/services/repertoire_service.go:84.36,86.3 1 1
github.com/treechess/backend/internal/services/repertoire_service.go:88.2,88.43 1 1
github.com/treechess/backend/internal/services/repertoire_service.go:92.82,94.16 2 1
github.com/treechess/backend/internal/services/repertoire_service.go:94.16,95.55 1 1
github.com/treechess/backend/internal/services/repertoire_service.go:95.55,97.4 1 1
github.com/treechess/backend/internal/services/repertoire_service.go:98.3,98.18 1 1
github.com/treechess/backend/internal/services/repertoire_service.go:101.2,101.17 1 1
github.com/treechess/backend/internal/services/repertoire_service.go:105.110,106.18 1 1
github.com/treechess/backend/internal/services/repertoire_service.go:106.18,107.65 1 1
github.com/treechess/backend/internal/services/repertoire_service.go:107.65,109.4 1 1
github.com/treechess/backend/internal/services/repertoire_service.go:110.3,110.43 1 1
github.com/treechess/backend/internal/services/repertoire_service.go:112.2,112.30 1 1
github.com/treechess/backend/internal/services/repertoire_service.go:116.76,118.16 2 1
github.com/treechess/backend/internal/services/repertoire_service.go:118.16,120.3 1 1
github.com/treechess/backend/internal/services/repertoire_service.go:121.2,121.14 1 1
github.com/treechess/backend/internal/services/repertoire_service.go:121.14,123.3 1 1
github.com/treechess/backend/internal/services/repertoire_service.go:124.2,124.12 1 1
github.com/treechess/backend/internal/services/repertoire_service.go:128.98,130.16 2 1
github.com/treechess/backend/internal/services/repertoire_service.go:130.16,132.3 1 1
github.com/treechess/backend/internal/services/repertoire_service.go:133.2,133.45 1 1
github.com/treechess/backend/internal/services/repertoire_service.go:133.45,135.3 1 1
github.com/treechess/backend/internal/services/repertoire_service.go:138.2,139.16 2 1
github.com/treechess/backend/internal/services/repertoire_service.go:139.16,141.3 1 0
github.com/treechess/backend/internal/services/repertoire_service.go:142.2,142.13 1 1
github.com/treechess/backend/internal/services/repertoire_service.go:142.13,144.3 1 1
github.com/treechess/backend/internal/services/repertoire_service.go:146.2,146.36 1 1
github.com/treechess/backend/internal/services/repertoire_service.go:150.63,152.16 2 1
github.com/treechess/backend/internal/services/repertoire_service.go:152.16,153.55 1 1
github.com/treechess/backend/internal/services/repertoire_service.go:153.55,155.4 1 1
github.com/treechess/backend/internal/services/repertoire_service.go:156.3,156.13 1 0
github.com/treechess/backend/internal/services/repertoire_service.go:158.2,158.12 1 1
github.com/treechess/backend/internal/services/repertoire_service.go:162.113,164.16 2 1
github.com/treechess/backend/internal/services/repertoire_service.go:164.16,165.55 1 1
github.com/treechess/backend/internal/services/repertoire_service.go:165.55,167.4 1 1
github.com/treechess/backend/internal/services/repertoire_service.go:168.3,168.18 1 0
github.com/treechess/backend/internal/services/repertoire_service.go:171.2,172.23 2 1
github.com/treechess/backend/internal/services/repertoire_service.go:172.23,174.3 1 1
github.com/treechess/backend/internal/services/repertoire_service.go:177.2,177.45 1 1
github.com/treechess/backend/internal/services/repertoire_service.go:177.45,179.3 1 1
github.com/treechess/backend/internal/services/repertoire_service.go:182.2,183.16 2 1
github.com/treechess/backend/internal/services/repertoire_service.go:183.16,185.3 1 1
github.com/treechess/backend/internal/services/repertoire_service.go:188.2,204.61 5 1
github.com/treechess/backend/internal/services/repertoire_service.go:208.119,210.16 2 1
github.com/treechess/backend/internal/services/repertoire_service.go:210.16,211.55 1 1
github.com/treechess/backend/internal/services/repertoire_service.go:211.55,213.4 1 1
github.com/treechess/backend/internal/services/repertoire_service.go:214.3,214.18 1 0
github.com/treechess/backend/internal/services/repertoire_service.go:217.2,218.54 2 1
github.com/treechess/backend/internal/services/repertoire_service.go:222.104,224.16 2 1
github.com/treechess/backend/internal/services/repertoire_service.go:224.16,225.55 1 1
github.com/treechess/backend/internal/services/repertoire_service.go:225.55,227.4 1 1
github.com/treechess/backend/internal/services/repertoire_service.go:228.3,228.18 1 0
github.com/treechess/backend/internal/services/repertoire_service.go:231.2,231.31 1 1
github.com/treechess/backend/internal/services/repertoire_service.go:231.31,233.3 1 1
github.com/treechess/backend/internal/services/repertoire_service.go:235.2,236.24 2 1
github.com/treechess/backend/internal/services/repertoire_service.go:236.24,238.3 1 1
github.com/treechess/backend/internal/services/repertoire_service.go:240.2,242.61 2 1
github.com/treechess/backend/internal/services/repertoire_service.go:246.111,249.37 2 0
github.com/treechess/backend/internal/services/repertoire_service.go:249.37,251.18 2 0
github.com/treechess/backend/internal/services/repertoire_service.go:251.18,253.4 1 0
github.com/treechess/backend/internal/services/repertoire_service.go:255.3,256.17 2 0
github.com/treechess/backend/internal/services/repertoire_service.go:256.17,258.4 1 0
github.com/treechess/backend/internal/services/repertoire_service.go:261.3,262.17 2 0
github.com/treechess/backend/internal/services/repertoire_service.go:262.17,264.4 1 0
github.com/treechess/backend/internal/services/repertoire_service.go:265.3,265.37 1 0
github.com/treechess/backend/internal/services/repertoire_service.go:265.37,267.4 1 0
github.com/treechess/backend/internal/services/repertoire_service.go:269.3,270.17 2 0
github.com/treechess/backend/internal/services/repertoire_service.go:270.17,272.4 1 0
github.com/treechess/backend/internal/services/repertoire_service.go:274.3,276.17 3 0
github.com/treechess/backend/internal/services/repertoire_service.go:276.17,278.4 1 0
github.com/treechess/backend/internal/services/repertoire_service.go:280.3,280.36 1 0
github.com/treechess/backend/internal/services/repertoire_service.go:283.2,283.21 1 0
github.com/treechess/backend/internal/services/repertoire_service.go:287.66,290.16 3 1
github.com/treechess/backend/internal/services/repertoire_service.go:290.16,292.3 1 1
github.com/treechess/backend/internal/services/repertoire_service.go:294.2,296.16 3 1
github.com/treechess/backend/internal/services/repertoire_service.go:296.16,298.3 1 1
github.com/treechess/backend/internal/services/repertoire_service.go:300.2,300.52 1 1
github.com/treechess/backend/internal/services/repertoire_service.go:304.58,306.40 2 1
github.com/treechess/backend/internal/services/repertoire_service.go:306.40,308.3 1 1
github.com/treechess/backend/internal/services/repertoire_service.go:309.2,309.31 1 1
github.com/treechess/backend/internal/services/repertoire_service.go:312.78,313.19 1 1
github.com/treechess/backend/internal/services/repertoire_service.go:313.19,315.3 1 1
github.com/treechess/backend/internal/services/repertoire_service.go:317.2,317.31 1 1
github.com/treechess/backend/internal/services/repertoire_service.go:317.31,318.60 1 1
github.com/treechess/backend/internal/services/repertoire_service.go:318.60,320.4 1 1
github.com/treechess/backend/internal/services/repertoire_service.go:323.2,323.12 1 1
github.com/treechess/backend/internal/services/repertoire_service.go:327.78,329.2 1 1
github.com/treechess/backend/internal/services/repertoire_service.go:332.76,333.40 1 1
github.com/treechess/backend/internal/services/repertoire_service.go:333.40,334.50 1 1
github.com/treechess/backend/internal/services/repertoire_service.go:334.50,336.4 1 1
github.com/treechess/backend/internal/services/repertoire_service.go:338.2,338.14 1 1
github.com/treechess/backend/internal/services/repertoire_service.go:341.96,342.31 1 1
github.com/treechess/backend/internal/services/repertoire_service.go:342.31,343.40 1 1
github.com/treechess/backend/internal/services/repertoire_service.go:343.40,346.4 2 1
[...]
github.com/treechess/backend/internal/handlers/oauth.go:77.55,81.31 3 0
github.com/treechess/backend/internal/handlers/oauth.go:81.31,83.3 1 0
github.com/treechess/backend/internal/handlers/oauth.go:85.2,86.16 2 0
github.com/treechess/backend/internal/handlers/oauth.go:86.16,88.3 1 0
github.com/treechess/backend/internal/handlers/oauth.go:90.2,91.16 2 0
github.com/treechess/backend/internal/handlers/oauth.go:91.16,93.3 1 0
github.com/treechess/backend/internal/handlers/oauth.go:95.2,95.31 1 0
github.com/treechess/backend/internal/handlers/oauth.go:95.31,97.3 1 0
github.com/treechess/backend/internal/handlers/oauth.go:100.2,110.16 3 0
github.com/treechess/backend/internal/handlers/oauth.go:110.16,112.3 1 0
github.com/treechess/backend/internal/handlers/oauth.go:114.2,115.16 2 0
github.com/treechess/backend/internal/handlers/oauth.go:115.16,117.3 1 0
github.com/treechess/backend/internal/handlers/oauth.go:120.2,120.23 1 0
github.com/treechess/backend/internal/handlers/oauth.go:120.23,121.82 1 0
github.com/treechess/backend/internal/handlers/oauth.go:121.82,123.4 1 0
github.com/treechess/backend/internal/handlers/oauth.go:126.2,127.11 2 0
github.com/treechess/backend/internal/handlers/oauth.go:127.11,129.3 1 0
github.com/treechess/backend/internal/handlers/oauth.go:130.2,130.62 1 0
github.com/treechess/backend/internal/handlers/oauth.go:133.76,136.2 2 0
github.com/treechess/backend/internal/handlers/oauth.go:138.76,140.16 2 1
github.com/treechess/backend/internal/handlers/oauth.go:140.16,142.3 1 0
github.com/treechess/backend/internal/handlers/oauth.go:144.2,145.16 2 1
github.com/treechess/backend/internal/handlers/oauth.go:145.16,147.3 1 0
github.com/treechess/backend/internal/handlers/oauth.go:149.2,150.16 2 1
github.com/treechess/backend/internal/handlers/oauth.go:150.16,152.3 1 0
github.com/treechess/backend/internal/handlers/oauth.go:154.2,155.59 2 1
github.com/treechess/backend/internal/handlers/oauth.go:155.59,157.3 1 0
github.com/treechess/backend/internal/handlers/oauth.go:159.2,160.59 2 1
github.com/treechess/backend/internal/handlers/oauth.go:163.82,165.16 2 1
github.com/treechess/backend/internal/handlers/oauth.go:165.16,167.3 1 1
github.com/treechess/backend/internal/handlers/oauth.go:169.2,170.16 2 1
github.com/treechess/backend/internal/handlers/oauth.go:170.16,172.3 1 0
github.com/treechess/backend/internal/handlers/oauth.go:174.2,175.16 2 1
github.com/treechess/backend/internal/handlers/oauth.go:175.16,177.3 1 0
github.com/treechess/backend/internal/handlers/oauth.go:179.2,180.33 2 1
github.com/treechess/backend/internal/handlers/oauth.go:180.33,182.3 1 1
github.com/treechess/backend/internal/handlers/oauth.go:184.2,186.16 3 1
github.com/treechess/backend/internal/handlers/oauth.go:186.16,188.3 1 1
github.com/treechess/backend/internal/handlers/oauth.go:190.2,191.57 2 1
github.com/treechess/backend/internal/handlers/oauth.go:191.57,193.3 1 0
github.com/treechess/backend/internal/handlers/oauth.go:195.2,195.19 1 1
github.com/treechess/backend/internal/handlers/repertoire.go:16.79,17.36 1 1
github.com/treechess/backend/internal/handlers/repertoire.go:17.36,22.23 4 1
github.com/treechess/backend/internal/handlers/repertoire.go:22.23,24.64 2 1
github.com/treechess/backend/internal/handlers/repertoire.go:24.64,28.5 1 1
github.com/treechess/backend/internal/handlers/repertoire.go:29.4,29.24 1 1
github.com/treechess/backend/internal/handlers/repertoire.go:32.3,33.17 2 1
github.com/treechess/backend/internal/handlers/repertoire.go:33.17,37.4 1 0
github.com/treechess/backend/internal/handlers/repertoire.go:40.3,40.25 1 1
github.com/treechess/backend/internal/handlers/repertoire.go:40.25,42.4 1 0
github.com/treechess/backend/internal/handlers/repertoire.go:44.3,44.44 1 1
github.com/treechess/backend/internal/handlers/repertoire.go:50.80,51.36 1 1
github.com/treechess/backend/internal/handlers/repertoire.go:51.36,55.38 3 1
github.com/treechess/backend/internal/handlers/repertoire.go:55.38,59.4 1 1
github.com/treechess/backend/internal/handlers/repertoire.go:61.3,61.21 1 1
github.com/treechess/backend/internal/handlers/repertoire.go:61.21,65.4 1 1
github.com/treechess/backend/internal/handlers/repertoire.go:67.3,67.71 1 1
github.com/treechess/backend/internal/handlers/repertoire.go:67.71,71.4 1 1
github.com/treechess/backend/internal/handlers/repertoire.go:73.3,74.17 2 1
github.com/treechess/backend/internal/handlers/repertoire.go:74.17,75.48 1 0
github.com/treechess/backend/internal/handlers/repertoire.go:75.48,79.5 1 0
github.com/treechess/backend/internal/handlers/repertoire.go:80.4,80.48 1 0
github.com/treechess/backend/internal/handlers/repertoire.go:80.48,84.5 1 0
github.com/treechess/backend/internal/handlers/repertoire.go:85.4,85.47 1 0
github.com/treechess/backend/internal/handlers/repertoire.go:85.47,89.5 1 0
github.com/treechess/backend/internal/handlers/repertoire.go:90.4,92.6 1 0
github.com/treechess/backend/internal/handlers/repertoire.go:95.3,95.41 1 1
github.com/treechess/backend/internal/handlers/repertoire.go:101.77,102.36 1 1
github.com/treechess/backend/internal/handlers/repertoire.go:102.36,107.48 3 1
github.com/treechess/backend/internal/handlers/repertoire.go:107.48,111.4 1 1
github.com/treechess/backend/internal/handlers/repertoire.go:113.3,113.61 1 1
github.com/treechess/backend/internal/handlers/repertoire.go:113.61,115.4 1 0
github.com/treechess/backend/internal/handlers/repertoire.go:117.3,118.17 2 1
github.com/treechess/backend/internal/handlers/repertoire.go:118.17,119.44 1 1
github.com/treechess/backend/internal/handlers/repertoire.go:119.44,123.5 1 1
github.com/treechess/backend/internal/handlers/repertoire.go:124.4,126.6 1 0
github.com/treechess/backend/internal/handlers/repertoire.go:129.3,129.36 1 1
github.com/treechess/backend/internal/handlers/repertoire.go:135.80,136.36 1 1
github.com/treechess/backend/internal/handlers/repertoire.go:136.36,141.48 3 1
github.com/treechess/backend/internal/handlers/repertoire.go:141.48,145.4 1 1
github.com/treechess/backend/internal/handlers/repertoire.go:147.3,147.61 1 1
github.com/treechess/backend/internal/handlers/repertoire.go:147.61,149.4 1 1
github.com/treechess/backend/internal/handlers/repertoire.go:151.3,152.38 2 1
github.com/treechess/backend/internal/handlers/repertoire.go:152.38,156.4 1 0
github.com/treechess/backend/internal/handlers/repertoire.go:158.3,159.17 2 1
github.com/treechess/backend/internal/handlers/repertoire.go:159.17,160.44 1 0
github.com/treechess/backend/internal/handlers/repertoire.go:160.44,164.5 1 0
github.com/treechess/backend/internal/handlers/repertoire.go:165.4,165.48 1 0
github.com/treechess/backend/internal/handlers/repertoire.go:165.48,169.5 1 0
github.com/treechess/backend/internal/handlers/repertoire.go:170.4,170.47 1 0
github.com/treechess/backend/internal/handlers/repertoire.go:170.47,174.5 1 0
github.com/treechess/backend/internal/handlers/repertoire.go:175.4,177.6 1 0
github.com/treechess/backend/internal/handlers/repertoire.go:180.3,180.36 1 1
github.com/treechess/backend/internal/handlers/repertoire.go:186.80,187.36 1 1
github.com/treechess/backend/internal/handlers/repertoire.go:187.36,192.48 3 1
github.com/treechess/backend/internal/handlers/repertoire.go:192.48,196.4 1 1
github.com/treechess/backend/internal/handlers/repertoire.go:198.3,198.61 1 1
github.com/treechess/backend/internal/handlers/repertoire.go:198.61,200.4 1 0
github.com/treechess/backend/internal/handlers/repertoire.go:202.3,203.17 2 1
github.com/treechess/backend/internal/handlers/repertoire.go:203.17,204.44 1 1
github.com/treechess/backend/internal/handlers/repertoire.go:204.44,208.5 1 1
github.com/treechess/backend/internal/handlers/repertoire.go:209.4,211.6 1 0
github.com/treechess/backend/internal/handlers/repertoire.go:214.3,214.43 1 1
github.com/treechess/backend/internal/handlers/repertoire.go:220.71,221.36 1 1
github.com/treechess/backend/internal/handlers/repertoire.go:221.36,226.48 3 1
github.com/treechess/backend/internal/handlers/repertoire.go:226.48,230.4 1 1
github.com/treechess/backend/internal/handlers/repertoire.go:232.3,232.61 1 1
github.com/treechess/backend/internal/handlers/repertoire.go:232.61,234.4 1 0
github.com/treechess/backend/internal/handlers/repertoire.go:236.3,237.38 2 1
github.com/treechess/backend/internal/handlers/repertoire.go:237.38,241.4 1 1
github.com/treechess/backend/internal/handlers/repertoire.go:243.3,243.25 1 1
github.com/treechess/backend/internal/handlers/repertoire.go:243.25,247.4 1 1
github.com/treechess/backend/internal/handlers/repertoire.go:250.3,250.53 1 1
github.com/treechess/backend/internal/handlers/repertoire.go:250.53,254.4 1 1
github.com/treechess/backend/internal/handlers/repertoire.go:256.3,256.21 1 1
github.com/treechess/backend/internal/handlers/repertoire.go:256.21,260.4 1 1
github.com/treechess/backend/internal/handlers/repertoire.go:262.3,263.17 2 1
github.com/treechess/backend/internal/handlers/repertoire.go:263.17,264.44 1 1
github.com/treechess/backend/internal/handlers/repertoire.go:264.44,268.5 1 1
github.com/treechess/backend/internal/handlers/repertoire.go:269.4,269.50 1 0
github.com/treechess/backend/internal/handlers/repertoire.go:269.50,273.5 1 0
github.com/treechess/backend/internal/handlers/repertoire.go:274.4,274.47 1 0
github.com/treechess/backend/internal/handlers/repertoire.go:274.47,278.5 1 0
github.com/treechess/backend/internal/handlers/repertoire.go:279.4,279.46 1 0
github.com/treechess/backend/internal/handlers/repertoire.go:279.46,283.5 1 0
github.com/treechess/backend/internal/handlers/repertoire.go:284.4,286.6 1 0
github.com/treechess/backend/internal/handlers/repertoire.go:289.3,289.36 1 1
github.com/treechess/backend/internal/handlers/repertoire.go:295.46,296.36 1 1
github.com/treechess/backend/internal/handlers/repertoire.go:296.36,299.3 2 1
github.com/treechess/backend/internal/handlers/repertoire.go:304.68,305.36 1 1
github.com/treechess/backend/internal/handlers/repertoire.go:305.36,311.38 3 1
github.com/treechess/backend/internal/handlers/repertoire.go:311.38,315.4 1 1
github.com/treechess/backend/internal/handlers/repertoire.go:317.3,317.32 1 1
github.com/treechess/backend/internal/handlers/repertoire.go:317.32,321.4 1 1
github.com/treechess/backend/internal/handlers/repertoire.go:323.3,324.17 2 0
github.com/treechess/backend/internal/handlers/repertoire.go:324.17,325.48 1 0
github.com/treechess/backend/internal/handlers/repertoire.go:325.48,329.5 1 0
github.com/treechess/backend/internal/handlers/repertoire.go:330.4,332.6 1 0
github.com/treechess/backend/internal/handlers/repertoire.go:335.3,335.49 1 0
github.com/treechess/backend/internal/handlers/repertoire.go:341.78,342.36 1 1
github.com/treechess/backend/internal/handlers/repertoire.go:342.36,347.48 3 1
github.com/treechess/backend/internal/handlers/repertoire.go:347.48,351.4 1 1
github.com/treechess/backend/internal/handlers/repertoire.go:353.3,353.61 1 1
github.com/treechess/backend/internal/handlers/repertoire.go:353.61,355.4 1 0
github.com/treechess/backend/internal/handlers/repertoire.go:357.3,358.38 2 1
github.com/treechess/backend/internal/handlers/repertoire.go:358.38,362.4 1 0
github.com/treechess/backend/internal/handlers/repertoire.go:364.3,364.23 1 1
github.com/treechess/backend/internal/handlers/repertoire.go:364.23,368.4 1 1
github.com/treechess/backend/internal/handlers/repertoire.go:371.3,371.51 1 1
github.com/treechess/backend/internal/handlers/repertoire.go:371.51,375.4 1 1
github.com/treechess/backend/internal/handlers/repertoire.go:377.3,378.17 2 1
github.com/treechess/backend/internal/handlers/repertoire.go:378.17,379.53 1 1
github.com/treechess/backend/internal/handlers/repertoire.go:379.53,383.5 1 1
github.com/treechess/backend/internal/handlers/repertoire.go:384.4,384.48 1 0
github.com/treechess/backend/internal/handlers/repertoire.go:384.48,388.5 1 0
github.com/treechess/backend/internal/handlers/repertoire.go:389.4,389.48 1 0
github.com/treechess/backend/internal/handlers/repertoire.go:389.48,393.5 1 0
github.com/treechess/backend/internal/handlers/repertoire.go:394.4,394.47 1 0
github.com/treechess/backend/internal/handlers/repertoire.go:394.47,398.5 1 0
github.com/treechess/backend/internal/handlers/repertoire.go:399.4,399.44 1 0
github.com/treechess/backend/internal/handlers/repertoire.go:399.44,403.5 1 0
github.com/treechess/backend/internal/handlers/repertoire.go:404.4,406.6 1 0
github.com/treechess/backend/internal/handlers/repertoire.go:409.3,409.44 1 0
github.com/treechess/backend/internal/handlers/repertoire.go:415.80,416.36 1 1
github.com/treechess/backend/internal/handlers/repertoire.go:416.36,420.38 3 1
github.com/treechess/backend/internal/handlers/repertoire.go:420.38,424.4 1 0
github.com/treechess/backend/internal/handlers/repertoire.go:426.3,426.23 1 1
github.com/treechess/backend/internal/handlers/repertoire.go:426.23,430.4 1 1
github.com/treechess/backend/internal/handlers/repertoire.go:432.3,432.21 1 1
github.com/treechess/backend/internal/handlers/repertoire.go:432.21,436.4 1 1
github.com/treechess/backend/internal/handlers/repertoire.go:439.3,439.30 1 1
github.com/treechess/backend/internal/handlers/repertoire.go:439.30,440.44 1 1
github.com/treechess/backend/internal/handlers/repertoire.go:440.44,444.5 1 1
github.com/treechess/backend/internal/handlers/repertoire.go:445.4,445.57 1 0
github.com/treechess/backend/internal/handlers/repertoire.go:445.57,449.5 1 0
github.com/treechess/backend/internal/handlers/repertoire.go:452.3,453.17 2 0
github.com/treechess/backend/internal/handlers/repertoire.go:453.17,454.51 1 0
github.com/treechess/backend/internal/handlers/repertoire.go:454.51,458.5 1 0
github.com/treechess/backend/internal/handlers/repertoire.go:459.4,459.54 1 0
github.com/treechess/backend/internal/handlers/repertoire.go:459.54,463.5 1 0
github.com/treechess/backend/internal/handlers/repertoire.go:464.4,464.53 1 0
github.com/treechess/backend/internal/handlers/repertoire.go:464.53,468.5 1 0
github.com/treechess/backend/internal/handlers/repertoire.go:469.4,469.48 1 0
github.com/treechess/backend/internal/handlers/repertoire.go:469.48,473.5 1 0
github.com/treechess/backend/internal/handlers/repertoire.go:474.4,474.47 1 0
github.com/treechess/backend/internal/handlers/repertoire.go:474.47,478.5 1 0
github.com/treechess/backend/internal/handlers/repertoire.go:479.4,479.44 1 0
github.com/treechess/backend/internal/handlers/repertoire.go:479.44,483.5 1 0
github.com/treechess/backend/internal/handlers/repertoire.go:484.4,486.6 1 0
github.com/treechess/backend/internal/handlers/repertoire.go:489.3,489.44 1 0
github.com/treechess/backend/internal/handlers/repertoire.go:495.81,496.36 1 1
github.com/treechess/backend/internal/handlers/repertoire.go:496.36,502.48 4 1
github.com/treechess/backend/internal/handlers/repertoire.go:502.48,506.4 1 1
github.com/treechess/backend/internal/handlers/repertoire.go:509.3,509.47 1 1
github.com/treechess/backend/internal/handlers/repertoire.go:509.47,513.4 1 1
github.com/treechess/backend/internal/handlers/repertoire.go:515.3,515.61 1 1
github.com/treechess/backend/internal/handlers/repertoire.go:515.61,517.4 1 0
github.com/treechess/backend/internal/handlers/repertoire.go:519.3,522.38 2 1
github.com/treechess/backend/internal/handlers/repertoire.go:522.38,526.4 1 0
github.com/treechess/backend/internal/handlers/repertoire.go:528.3,529.17 2 1
github.com/treechess/backend/internal/handlers/repertoire.go:529.17,530.44 1 0
github.com/treechess/backend/internal/handlers/repertoire.go:530.44,534.5 1 0
github.com/treechess/backend/internal/handlers/repertoire.go:535.4,535.48 1 0
github.com/treechess/backend/internal/handlers/repertoire.go:535.48,539.5 1 0
github.com/treechess/backend/internal/handlers/repertoire.go:540.4,542.6 1 0
github.com/treechess/backend/internal/handlers/repertoire.go:545.3,545.36 1 1
github.com/treechess/backend/internal/handlers/repertoire.go:551.74,552.36 1 1
github.com/treechess/backend/internal/handlers/repertoire.go:552.36,558.48 4 1
github.com/treechess/backend/internal/handlers/repertoire.go:558.48,562.4 1 1
github.com/treechess/backend/internal/handlers/repertoire.go:565.3,565.47 1 1
github.com/treechess/backend/internal/handlers/repertoire.go:565.47,569.4 1 1
github.com/treechess/backend/internal/handlers/repertoire.go:571.3,571.61 1 1
github.com/treechess/backend/internal/handlers/repertoire.go:571.61,573.4 1 0
github.com/treechess/backend/internal/handlers/repertoire.go:575.3,576.17 2 1
github.com/treechess/backend/internal/handlers/repertoire.go:576.17,577.44 1 1
github.com/treechess/backend/internal/handlers/repertoire.go:577.44,581.5 1 0
github.com/treechess/backend/internal/handlers/repertoire.go:582.4,582.52 1 1
github.com/treechess/backend/internal/handlers/repertoire.go:582.52,586.5 1 1
github.com/treechess/backend/internal/handlers/repertoire.go:587.4,587.48 1 0
github.com/treechess/backend/internal/handlers/repertoire.go:587.48,591.5 1 0
github.com/treechess/backend/internal/handlers/repertoire.go:592.4,594.6 1 0
github.com/treechess/backend/internal/handlers/repertoire.go:597.3,597.36 1 1
github.com/treechess/backend/internal/handlers/study_import.go:20.93,24.2 1 1
github.com/treechess/backend/internal/handlers/study_import.go:27.72,29.37 2 1
github.com/treechess/backend/internal/handlers/study_import.go:29.37,31.3 1 1
github.com/treechess/backend/internal/handlers/study_import.go:33.2,34.16 2 1
github.com/treechess/backend/internal/handlers/study_import.go:34.16,36.3 1 1
github.com/treechess/backend/internal/handlers/study_import.go:38.2,42.16 4 1
github.com/treechess/backend/internal/handlers/study_import.go:42.16,43.55 1 1
github.com/treechess/backend/internal/handlers/study_import.go:43.55,45.4 1 1
github.com/treechess/backend/internal/handlers/study_import.go:46.3,46.56 1 1
github.com/treechess/backend/internal/handlers/study_import.go:46.56,48.4 1 1
github.com/treechess/backend/internal/handlers/study_import.go:49.3,49.53 1 1
github.com/treechess/backend/internal/handlers/study_import.go:49.53,51.4 1 1
github.com/treechess/backend/internal/handlers/study_import.go:52.3,53.69 2 0
github.com/treechess/backend/internal/handlers/study_import.go:56.2,56.36 1 1
github.com/treechess/backend/internal/handlers/study_import.go:60.71,62.37 2 1
github.com/treechess/backend/internal/handlers/study_import.go:62.37,64.3 1 0
github.com/treechess/backend/internal/handlers/study_import.go:66.2,66.48 1 1
github.com/treechess/backend/internal/handlers/study_import.go:66.48,68.3 1 1
github.com/treechess/backend/internal/handlers/study_import.go:70.2,71.16 2 1
github.com/treechess/backend/internal/handlers/study_import.go:71.16,73.3 1 0
github.com/treechess/backend/internal/handlers/study_import.go:75.2,75.34 1 1
github.com/treechess/backend/internal/handlers/study_import.go:75.34,77.3 1 1
github.com/treechess/backend/internal/handlers/study_import.go:79.2,83.16 4 1
github.com/treechess/backend/internal/handlers/study_import.go:83.16,84.55 1 1
github.com/treechess/backend/internal/handlers/study_import.go:84.55,86.4 1 0
github.com/treechess/backend/internal/handlers/study_import.go:87.3,87.56 1 1
github.com/treechess/backend/internal/handlers/study_import.go:87.56,89.4 1 0
github.com/treechess/backend/internal/handlers/study_import.go:90.3,90.53 1 1
github.com/treechess/backend/internal/handlers/study_import.go:90.53,92.4 1 0
github.com/treechess/backend/internal/handlers/study_import.go:93.3,93.47 1 1
github.com/treechess/backend/internal/handlers/study_import.go:93.47,95.4 1 1
github.com/treechess/backend/internal/handlers/study_import.go:96.3,97.57 2 0
github.com/treechess/backend/internal/handlers/study_import.go:100.2,103.4 1 1
github.com/treechess/backend/internal/handlers/sync.go:15.65,17.2 1 1
github.com/treechess/backend/internal/handlers/sync.go:19.56,23.16 3 1
github.com/treechess/backend/internal/handlers/sync.go:23.16,25.3 1 1
github.com/treechess/backend/internal/handlers/sync.go:27.2,27.38 1 1
