mode: set
github.com/treechess/backend/config/config.go:14.24,16.17 2 1
github.com/treechess/backend/config/config.go:16.17,17.57 1 1
github.com/treechess/backend/config/config.go:20.2,22.19 3 1
github.com/treechess/backend/config/config.go:22.19,24.17 2 1
github.com/treechess/backend/config/config.go:24.17,25.57 1 1
github.com/treechess/backend/config/config.go:27.3,27.11 1 1
github.com/treechess/backend/config/config.go:30.2,33.3 1 1
github.com/treechess/backend/internal/services/import_service.go:17.72,21.2 1 1
github.com/treechess/backend/internal/services/import_service.go:23.147,25.16 2 0
github.com/treechess/backend/internal/services/import_service.go:25.16,27.3 1 0
github.com/treechess/backend/internal/services/import_service.go:29.2,29.21 1 0
github.com/treechess/backend/internal/services/import_service.go:29.21,31.3 1 0
github.com/treechess/backend/internal/services/import_service.go:34.2,35.16 2 0
github.com/treechess/backend/internal/services/import_service.go:35.16,37.3 1 0
github.com/treechess/backend/internal/services/import_service.go:38.2,39.16 2 0
github.com/treechess/backend/internal/services/import_service.go:39.16,41.3 1 0
github.com/treechess/backend/internal/services/import_service.go:43.2,44.29 2 0
github.com/treechess/backend/internal/services/import_service.go:44.29,47.22 2 0
github.com/treechess/backend/internal/services/import_service.go:47.22,49.12 1 0
github.com/treechess/backend/internal/services/import_service.go:52.3,53.37 2 0
github.com/treechess/backend/internal/services/import_service.go:53.37,55.4 1 0
github.com/treechess/backend/internal/services/import_service.go:55.9,57.4 1 0
github.com/treechess/backend/internal/services/import_service.go:59.3,61.38 3 0
github.com/treechess/backend/internal/services/import_service.go:64.2,64.23 1 0
github.com/treechess/backend/internal/services/import_service.go:64.23,66.3 1 0
github.com/treechess/backend/internal/services/import_service.go:68.2,69.16 2 0
github.com/treechess/backend/internal/services/import_service.go:69.16,71.3 1 0
github.com/treechess/backend/internal/services/import_service.go:73.2,73.30 1 0
github.com/treechess/backend/internal/services/import_service.go:76.92,83.45 5 1
github.com/treechess/backend/internal/services/import_service.go:83.45,85.3 1 1
github.com/treechess/backend/internal/services/import_service.go:86.2,86.45 1 1
github.com/treechess/backend/internal/services/import_service.go:86.45,88.3 1 1
github.com/treechess/backend/internal/services/import_service.go:89.2,89.11 1 1
github.com/treechess/backend/internal/services/import_service.go:92.73,95.16 3 1
github.com/treechess/backend/internal/services/import_service.go:95.16,97.3 1 0
github.com/treechess/backend/internal/services/import_service.go:98.2,98.19 1 1
github.com/treechess/backend/internal/services/import_service.go:101.152,112.31 5 1
github.com/treechess/backend/internal/services/import_service.go:112.31,121.17 6 1
github.com/treechess/backend/internal/services/import_service.go:121.17,122.65 1 1
github.com/treechess/backend/internal/services/import_service.go:122.65,124.5 1 0
github.com/treechess/backend/internal/services/import_service.go:124.10,127.5 2 1
github.com/treechess/backend/internal/services/import_service.go:128.9,129.65 1 1
github.com/treechess/backend/internal/services/import_service.go:129.65,131.5 1 0
github.com/treechess/backend/internal/services/import_service.go:131.10,133.5 1 1
github.com/treechess/backend/internal/services/import_service.go:136.3,146.35 3 1
github.com/treechess/backend/internal/services/import_service.go:149.2,149.17 1 1
github.com/treechess/backend/internal/services/import_service.go:152.38,154.21 2 1
github.com/treechess/backend/internal/services/import_service.go:154.21,156.3 1 1
github.com/treechess/backend/internal/services/import_service.go:157.2,157.12 1 0
github.com/treechess/backend/internal/services/import_service.go:160.76,165.29 4 1
github.com/treechess/backend/internal/services/import_service.go:165.29,166.67 1 1
github.com/treechess/backend/internal/services/import_service.go:166.67,169.23 3 1
github.com/treechess/backend/internal/services/import_service.go:169.23,173.5 3 1
github.com/treechess/backend/internal/services/import_service.go:177.2,177.36 1 1
github.com/treechess/backend/internal/services/import_service.go:177.36,179.3 1 1
github.com/treechess/backend/internal/services/import_service.go:180.2,180.36 1 1
github.com/treechess/backend/internal/services/import_service.go:180.36,182.3 1 1
github.com/treechess/backend/internal/services/import_service.go:183.2,183.36 1 1
github.com/treechess/backend/internal/services/import_service.go:183.36,185.3 1 1
github.com/treechess/backend/internal/services/import_service.go:186.2,186.37 1 1
github.com/treechess/backend/internal/services/import_service.go:186.37,188.3 1 1
github.com/treechess/backend/internal/services/import_service.go:190.2,190.16 1 1
github.com/treechess/backend/internal/services/import_service.go:193.105,195.49 2 1
github.com/treechess/backend/internal/services/import_service.go:195.49,196.29 1 1
github.com/treechess/backend/internal/services/import_service.go:196.29,197.40 1 1
github.com/treechess/backend/internal/services/import_service.go:197.40,198.48 1 1
github.com/treechess/backend/internal/services/import_service.go:198.48,200.6 1 1
github.com/treechess/backend/internal/services/import_service.go:202.4,202.16 1 1
github.com/treechess/backend/internal/services/import_service.go:204.3,204.39 1 1
github.com/treechess/backend/internal/services/import_service.go:204.39,205.22 1 0
github.com/treechess/backend/internal/services/import_service.go:205.22,207.5 1 0
github.com/treechess/backend/internal/services/import_service.go:209.3,209.15 1 1
github.com/treechess/backend/internal/services/import_service.go:211.2,211.21 1 1
github.com/treechess/backend/internal/services/import_service.go:214.96,216.49 2 1
github.com/treechess/backend/internal/services/import_service.go:216.49,217.29 1 1
github.com/treechess/backend/internal/services/import_service.go:217.29,218.40 1 1
github.com/treechess/backend/internal/services/import_service.go:218.40,219.42 1 1
github.com/treechess/backend/internal/services/import_service.go:219.42,221.6 1 1
github.com/treechess/backend/internal/services/import_service.go:223.4,223.13 1 1
github.com/treechess/backend/internal/services/import_service.go:225.3,225.39 1 1
github.com/treechess/backend/internal/services/import_service.go:225.39,226.20 1 0
github.com/treechess/backend/internal/services/import_service.go:226.20,227.45 1 0
github.com/treechess/backend/internal/services/import_service.go:227.45,229.6 1 0
github.com/treechess/backend/internal/services/import_service.go:232.3,232.12 1 1
github.com/treechess/backend/internal/services/import_service.go:234.2,234.19 1 1
github.com/treechess/backend/internal/services/import_service.go:237.59,239.16 2 1
github.com/treechess/backend/internal/services/import_service.go:239.16,241.3 1 0
github.com/treechess/backend/internal/services/import_service.go:242.2,242.12 1 1
github.com/treechess/backend/internal/services/import_service.go:245.61,248.16 3 1
github.com/treechess/backend/internal/services/import_service.go:248.16,250.3 1 0
github.com/treechess/backend/internal/services/import_service.go:251.2,253.16 3 1
github.com/treechess/backend/internal/services/import_service.go:253.16,255.3 1 1
github.com/treechess/backend/internal/services/import_service.go:256.2,256.12 1 1
github.com/treechess/backend/internal/services/import_service.go:259.69,262.16 3 1
github.com/treechess/backend/internal/services/import_service.go:262.16,264.3 1 0
github.com/treechess/backend/internal/services/import_service.go:265.2,268.29 4 1
github.com/treechess/backend/internal/services/import_service.go:268.29,270.3 1 1
github.com/treechess/backend/internal/services/import_service.go:271.2,271.22 1 1
github.com/treechess/backend/internal/services/import_service.go:275.73,277.16 2 0
github.com/treechess/backend/internal/services/import_service.go:277.16,279.3 1 0
github.com/treechess/backend/internal/services/import_service.go:280.2,280.22 1 0
github.com/treechess/backend/internal/services/import_service.go:284.84,286.16 2 0
github.com/treechess/backend/internal/services/import_service.go:286.16,288.3 1 0
github.com/treechess/backend/internal/services/import_service.go:289.2,289.20 1 0
github.com/treechess/backend/internal/services/import_service.go:293.57,295.16 2 0
github.com/treechess/backend/internal/services/import_service.go:295.16,297.3 1 0
github.com/treechess/backend/internal/services/import_service.go:298.2,298.12 1 0
github.com/treechess/backend/internal/services/import_service.go:302.87,304.16 2 0
github.com/treechess/backend/internal/services/import_service.go:304.16,306.3 1 0
github.com/treechess/backend/internal/services/import_service.go:307.2,307.22 1 0
github.com/treechess/backend/internal/services/import_service.go:311.76,313.16 2 0
github.com/treechess/backend/internal/services/import_service.go:313.16,315.3 1 0
github.com/treechess/backend/internal/services/import_service.go:316.2,316.12 1 0
github.com/treechess/backend/internal/services/import_service.go:319.39,321.21 2 1
github.com/treechess/backend/internal/services/import_service.go:321.21,323.3 1 0
github.com/treechess/backend/internal/services/import_service.go:324.2,324.21 1 1
github.com/treechess/backend/internal/services/import_service.go:324.21,326.3 1 1
github.com/treechess/backend/internal/services/import_service.go:327.2,327.21 1 0
github.com/treechess/backend/internal/services/lichess_service.go:24.42,30.2 1 0
github.com/treechess/backend/internal/services/lichess_service.go:33.107,34.20 1 0
github.com/treechess/backend/internal/services/lichess_service.go:34.20,36.3 1 0
github.com/treechess/backend/internal/services/lichess_service.go:39.2,40.16 2 0
github.com/treechess/backend/internal/services/lichess_service.go:40.16,42.3 1 0
github.com/treechess/backend/internal/services/lichess_service.go:44.2,48.55 3 0
github.com/treechess/backend/internal/services/lichess_service.go:48.55,50.3 1 0
github.com/treechess/backend/internal/services/lichess_service.go:50.8,50.42 1 0
github.com/treechess/backend/internal/services/lichess_service.go:50.42,52.3 1 0
github.com/treechess/backend/internal/services/lichess_service.go:53.2,56.23 2 0
github.com/treechess/backend/internal/services/lichess_service.go:56.23,58.3 1 0
github.com/treechess/backend/internal/services/lichess_service.go:59.2,59.23 1 0
github.com/treechess/backend/internal/services/lichess_service.go:59.23,61.3 1 0
github.com/treechess/backend/internal/services/lichess_service.go:62.2,62.26 1 0
github.com/treechess/backend/internal/services/lichess_service.go:62.26,64.3 1 0
github.com/treechess/backend/internal/services/lichess_service.go:65.2,65.28 1 0
github.com/treechess/backend/internal/services/lichess_service.go:65.28,67.3 1 0
github.com/treechess/backend/internal/services/lichess_service.go:69.2,72.16 3 0
github.com/treechess/backend/internal/services/lichess_service.go:72.16,74.3 1 0
github.com/treechess/backend/internal/services/lichess_service.go:77.2,80.16 3 0
github.com/treechess/backend/internal/services/lichess_service.go:80.16,82.3 1 0
github.com/treechess/backend/internal/services/lichess_service.go:83.2,86.25 2 0
github.com/treechess/backend/internal/services/lichess_service.go:87.21,87.21 0 0
github.com/treechess/backend/internal/services/lichess_service.go:89.27,90.65 1 0
github.com/treechess/backend/internal/services/lichess_service.go:91.34,92.69 1 0
github.com/treechess/backend/internal/services/lichess_service.go:93.10,94.62 1 0
github.com/treechess/backend/internal/services/lichess_service.go:97.2,98.16 2 0
github.com/treechess/backend/internal/services/lichess_service.go:98.16,100.3 1 0
github.com/treechess/backend/internal/services/lichess_service.go:102.2,103.19 2 0
github.com/treechess/backend/internal/services/lichess_service.go:103.19,105.3 1 0
github.com/treechess/backend/internal/services/lichess_service.go:107.2,107.21 1 0
github.com/treechess/backend/internal/services/repertoire_service.go:28.48,30.2 1 1
github.com/treechess/backend/internal/services/repertoire_service.go:32.52,34.2 1 0
github.com/treechess/backend/internal/services/repertoire_service.go:36.94,37.62 1 1
github.com/treechess/backend/internal/services/repertoire_service.go:37.62,39.3 1 1
github.com/treechess/backend/internal/services/repertoire_service.go:41.2,42.16 2 0
github.com/treechess/backend/internal/services/repertoire_service.go:42.16,44.3 1 0
github.com/treechess/backend/internal/services/repertoire_service.go:45.2,45.12 1 0
github.com/treechess/backend/internal/services/repertoire_service.go:45.12,47.3 1 0
github.com/treechess/backend/internal/services/repertoire_service.go:49.2,49.43 1 0
github.com/treechess/backend/internal/services/repertoire_service.go:52.91,53.62 1 1
github.com/treechess/backend/internal/services/repertoire_service.go:53.62,55.3 1 1
github.com/treechess/backend/internal/services/repertoire_service.go:57.2,58.16 2 0
github.com/treechess/backend/internal/services/repertoire_service.go:58.16,60.3 1 0
github.com/treechess/backend/internal/services/repertoire_service.go:62.2,62.17 1 0
github.com/treechess/backend/internal/services/repertoire_service.go:65.112,67.16 2 0
github.com/treechess/backend/internal/services/repertoire_service.go:67.16,69.3 1 0
github.com/treechess/backend/internal/services/repertoire_service.go:71.2,72.23 2 0
github.com/treechess/backend/internal/services/repertoire_service.go:72.23,74.3 1 0
github.com/treechess/backend/internal/services/repertoire_service.go:77.2,77.45 1 0
github.com/treechess/backend/internal/services/repertoire_service.go:77.45,79.3 1 0
github.com/treechess/backend/internal/services/repertoire_service.go:82.2,83.16 2 0
github.com/treechess/backend/internal/services/repertoire_service.go:83.16,85.3 1 0
github.com/treechess/backend/internal/services/repertoire_service.go:88.2,104.68 5 0
github.com/treechess/backend/internal/services/repertoire_service.go:108.66,111.16 3 1
github.com/treechess/backend/internal/services/repertoire_service.go:111.16,113.3 1 0
github.com/treechess/backend/internal/services/repertoire_service.go:115.2,117.16 3 1
github.com/treechess/backend/internal/services/repertoire_service.go:117.16,119.3 1 1
github.com/treechess/backend/internal/services/repertoire_service.go:122.2,122.52 1 1
github.com/treechess/backend/internal/services/repertoire_service.go:126.58,128.40 2 1
github.com/treechess/backend/internal/services/repertoire_service.go:128.40,130.3 1 1
github.com/treechess/backend/internal/services/repertoire_service.go:131.2,131.31 1 1
github.com/treechess/backend/internal/services/repertoire_service.go:136.103,137.62 1 0
github.com/treechess/backend/internal/services/repertoire_service.go:137.62,139.3 1 0
github.com/treechess/backend/internal/services/repertoire_service.go:141.2,142.16 2 0
github.com/treechess/backend/internal/services/repertoire_service.go:142.16,144.3 1 0
github.com/treechess/backend/internal/services/repertoire_service.go:146.2,146.31 1 0
github.com/treechess/backend/internal/services/repertoire_service.go:146.31,148.3 1 0
github.com/treechess/backend/internal/services/repertoire_service.go:150.2,151.24 2 0
github.com/treechess/backend/internal/services/repertoire_service.go:151.24,153.3 1 0
github.com/treechess/backend/internal/services/repertoire_service.go:155.2,157.68 2 0
github.com/treechess/backend/internal/services/repertoire_service.go:160.78,161.19 1 1
github.com/treechess/backend/internal/services/repertoire_service.go:161.19,163.3 1 1
github.com/treechess/backend/internal/services/repertoire_service.go:165.2,165.31 1 1
github.com/treechess/backend/internal/services/repertoire_service.go:165.31,166.60 1 1
github.com/treechess/backend/internal/services/repertoire_service.go:166.60,168.4 1 1
github.com/treechess/backend/internal/services/repertoire_service.go:171.2,171.12 1 1
github.com/treechess/backend/internal/services/repertoire_service.go:175.76,176.40 1 1
github.com/treechess/backend/internal/services/repertoire_service.go:176.40,177.50 1 1
github.com/treechess/backend/internal/services/repertoire_service.go:177.50,179.4 1 1
github.com/treechess/backend/internal/services/repertoire_service.go:181.2,181.14 1 1
github.com/treechess/backend/internal/services/repertoire_service.go:184.96,185.31 1 1
github.com/treechess/backend/internal/services/repertoire_service.go:185.31,186.40 1 1
github.com/treechess/backend/internal/services/repertoire_service.go:186.40,189.4 2 1
github.com/treechess/backend/internal/services/repertoire_service.go:190.3,190.92 1 1
github.com/treechess/backend/internal/services/repertoire_service.go:190.92,193.4 2 1
github.com/treechess/backend/internal/services/repertoire_service.go:195.2,195.12 1 1
github.com/treechess/backend/internal/services/repertoire_service.go:198.68,208.2 3 1
github.com/treechess/backend/internal/services/repertoire_service.go:210.101,212.22 2 1
github.com/treechess/backend/internal/services/repertoire_service.go:212.22,214.3 1 1
github.com/treechess/backend/internal/services/repertoire_service.go:215.2,215.30 1 1
github.com/treechess/backend/internal/services/repertoire_service.go:215.30,217.3 1 1
github.com/treechess/backend/internal/services/repertoire_service.go:219.2,219.38 1 1
github.com/treechess/backend/internal/services/repertoire_service.go:219.38,221.3 1 1
github.com/treechess/backend/internal/repository/db.go:18.38,21.16 3 1
github.com/treechess/backend/internal/repository/db.go:21.16,23.3 1 1
github.com/treechess/backend/internal/repository/db.go:25.2,28.39 3 1
github.com/treechess/backend/internal/repository/db.go:28.39,30.3 1 1
github.com/treechess/backend/internal/repository/db.go:32.2,32.12 1 0
github.com/treechess/backend/internal/repository/db.go:35.30,37.2 1 1
github.com/treechess/backend/internal/repository/db.go:39.16,40.17 1 1
github.com/treechess/backend/internal/repository/db.go:40.17,42.3 1 1
github.com/treechess/backend/internal/repository/db.go:46.56,48.2 1 0
github.com/treechess/backend/internal/repository/import_repo.go:46.132,52.16 5 0
github.com/treechess/backend/internal/repository/import_repo.go:52.16,54.3 1 0
github.com/treechess/backend/internal/repository/import_repo.go:56.2,74.16 5 0
github.com/treechess/backend/internal/repository/import_repo.go:74.16,76.3 1 0
github.com/treechess/backend/internal/repository/import_repo.go:78.2,78.22 1 0
github.com/treechess/backend/internal/repository/import_repo.go:81.54,87.16 5 0
github.com/treechess/backend/internal/repository/import_repo.go:87.16,89.3 1 0
github.com/treechess/backend/internal/repository/import_repo.go:90.2,93.18 3 0
github.com/treechess/backend/internal/repository/import_repo.go:93.18,96.17 3 0
github.com/treechess/backend/internal/repository/import_repo.go:96.17,98.4 1 0
github.com/treechess/backend/internal/repository/import_repo.go:99.3,99.33 1 0
github.com/treechess/backend/internal/repository/import_repo.go:102.2,102.35 1 0
github.com/treechess/backend/internal/repository/import_repo.go:102.35,104.3 1 0
github.com/treechess/backend/internal/repository/import_repo.go:106.2,106.22 1 0
github.com/treechess/backend/internal/repository/import_repo.go:109.65,125.16 7 0
github.com/treechess/backend/internal/repository/import_repo.go:125.16,126.27 1 0
github.com/treechess/backend/internal/repository/import_repo.go:126.27,128.4 1 0
github.com/treechess/backend/internal/repository/import_repo.go:129.3,129.60 1 0
github.com/treechess/backend/internal/repository/import_repo.go:132.2,132.69 1 0
github.com/treechess/backend/internal/repository/import_repo.go:132.69,134.3 1 0
github.com/treechess/backend/internal/repository/import_repo.go:136.2,136.21 1 0
github.com/treechess/backend/internal/repository/import_repo.go:139.38,145.16 5 0
github.com/treechess/backend/internal/repository/import_repo.go:145.16,147.3 1 0
github.com/treechess/backend/internal/repository/import_repo.go:149.2,149.32 1 0
github.com/treechess/backend/internal/repository/import_repo.go:149.32,151.3 1 0
github.com/treechess/backend/internal/repository/import_repo.go:153.2,153.12 1 0
github.com/treechess/backend/internal/repository/import_repo.go:157.68,163.16 5 0
github.com/treechess/backend/internal/repository/import_repo.go:163.16,165.3 1 0
github.com/treechess/backend/internal/repository/import_repo.go:166.2,170.18 3 0
github.com/treechess/backend/internal/repository/import_repo.go:170.18,175.75 4 0
github.com/treechess/backend/internal/repository/import_repo.go:175.75,177.4 1 0
github.com/treechess/backend/internal/repository/import_repo.go:179.3,180.61 2 0
github.com/treechess/backend/internal/repository/import_repo.go:180.61,182.4 1 0
github.com/treechess/backend/internal/repository/import_repo.go:184.3,184.30 1 0
github.com/treechess/backend/internal/repository/import_repo.go:184.30,198.4 3 0
github.com/treechess/backend/internal/repository/import_repo.go:201.2,201.35 1 0
github.com/treechess/backend/internal/repository/import_repo.go:201.35,203.3 1 0
github.com/treechess/backend/internal/repository/import_repo.go:205.2,209.19 3 0
github.com/treechess/backend/internal/repository/import_repo.go:209.19,211.3 1 0
github.com/treechess/backend/internal/repository/import_repo.go:212.2,213.17 2 0
github.com/treechess/backend/internal/repository/import_repo.go:213.17,215.3 1 0
github.com/treechess/backend/internal/repository/import_repo.go:217.2,218.27 2 0
github.com/treechess/backend/internal/repository/import_repo.go:218.27,220.3 1 0
github.com/treechess/backend/internal/repository/import_repo.go:222.2,227.8 1 0
github.com/treechess/backend/internal/repository/import_repo.go:231.57,233.34 1 0
github.com/treechess/backend/internal/repository/import_repo.go:233.34,234.41 1 0
github.com/treechess/backend/internal/repository/import_repo.go:234.41,236.4 1 0
github.com/treechess/backend/internal/repository/import_repo.go:237.3,237.36 1 0
github.com/treechess/backend/internal/repository/import_repo.go:237.36,239.4 1 0
github.com/treechess/backend/internal/repository/import_repo.go:241.2,241.13 1 0
github.com/treechess/backend/internal/repository/import_repo.go:245.57,253.16 6 0
github.com/treechess/backend/internal/repository/import_repo.go:253.16,254.27 1 0
github.com/treechess/backend/internal/repository/import_repo.go:254.27,256.4 1 0
github.com/treechess/backend/internal/repository/import_repo.go:257.3,257.55 1 0
github.com/treechess/backend/internal/repository/import_repo.go:260.2,261.60 2 0
github.com/treechess/backend/internal/repository/import_repo.go:261.60,263.3 1 0
github.com/treechess/backend/internal/repository/import_repo.go:266.2,268.29 3 0
github.com/treechess/backend/internal/repository/import_repo.go:268.29,269.34 1 0
github.com/treechess/backend/internal/repository/import_repo.go:269.34,271.4 1 0
github.com/treechess/backend/internal/repository/import_repo.go:271.9,273.4 1 0
github.com/treechess/backend/internal/repository/import_repo.go:276.2,276.12 1 0
github.com/treechess/backend/internal/repository/import_repo.go:276.12,278.3 1 0
github.com/treechess/backend/internal/repository/import_repo.go:281.2,281.28 1 0
github.com/treechess/backend/internal/repository/import_repo.go:281.28,283.3 1 0
github.com/treechess/backend/internal/repository/import_repo.go:286.2,287.16 2 0
github.com/treechess/backend/internal/repository/import_repo.go:287.16,289.3 1 0
github.com/treechess/backend/internal/repository/import_repo.go:291.2,292.16 2 0
github.com/treechess/backend/internal/repository/import_repo.go:292.16,294.3 1 0
github.com/treechess/backend/internal/repository/import_repo.go:296.2,296.12 1 0
github.com/treechess/backend/internal/repository/repertoire_repo.go:35.75,51.16 7 0
github.com/treechess/backend/internal/repository/repertoire_repo.go:51.16,53.3 1 0
github.com/treechess/backend/internal/repository/repertoire_repo.go:55.2,55.68 1 0
github.com/treechess/backend/internal/repository/repertoire_repo.go:55.68,57.3 1 0
github.com/treechess/backend/internal/repository/repertoire_repo.go:59.2,59.68 1 0
github.com/treechess/backend/internal/repository/repertoire_repo.go:59.68,61.3 1 0
github.com/treechess/backend/internal/repository/repertoire_repo.go:63.2,63.18 1 0
github.com/treechess/backend/internal/repository/repertoire_repo.go:66.71,88.16 7 0
github.com/treechess/backend/internal/repository/repertoire_repo.go:88.16,90.3 1 0
github.com/treechess/backend/internal/repository/repertoire_repo.go:92.2,93.16 2 0
github.com/treechess/backend/internal/repository/repertoire_repo.go:93.16,95.3 1 0
github.com/treechess/backend/internal/repository/repertoire_repo.go:97.2,119.16 3 0
github.com/treechess/backend/internal/repository/repertoire_repo.go:119.16,121.3 1 0
github.com/treechess/backend/internal/repository/repertoire_repo.go:123.2,123.18 1 0
github.com/treechess/backend/internal/repository/repertoire_repo.go:126.127,132.16 5 0
github.com/treechess/backend/internal/repository/repertoire_repo.go:132.16,134.3 1 0
github.com/treechess/backend/internal/repository/repertoire_repo.go:136.2,137.16 2 0
github.com/treechess/backend/internal/repository/repertoire_repo.go:137.16,139.3 1 0
github.com/treechess/backend/internal/repository/repertoire_repo.go:141.2,156.16 4 0
github.com/treechess/backend/internal/repository/repertoire_repo.go:156.16,158.3 1 0
github.com/treechess/backend/internal/repository/repertoire_repo.go:160.2,160.71 1 0
github.com/treechess/backend/internal/repository/repertoire_repo.go:160.71,162.3 1 0
github.com/treechess/backend/internal/repository/repertoire_repo.go:164.2,164.71 1 0
github.com/treechess/backend/internal/repository/repertoire_repo.go:164.71,166.3 1 0
github.com/treechess/backend/internal/repository/repertoire_repo.go:168.2,168.18 1 0
github.com/treechess/backend/internal/repository/repertoire_repo.go:171.57,178.16 6 0
github.com/treechess/backend/internal/repository/repertoire_repo.go:178.16,180.3 1 0
github.com/treechess/backend/internal/repository/repertoire_repo.go:181.2,181.20 1 0
github.com/treechess/backend/main.go:18.13,21.47 2 0
github.com/treechess/backend/main.go:21.47,23.3 1 0
github.com/treechess/backend/main.go:24.2,30.61 5 0
github.com/treechess/backend/main.go:30.61,32.3 1 0
github.com/treechess/backend/main.go:34.2,66.62 22 0
github.com/treechess/backend/main.go:66.62,68.3 1 0
github.com/treechess/backend/main.go:71.67,73.27 2 0
github.com/treechess/backend/main.go:73.27,75.17 2 0
github.com/treechess/backend/main.go:75.17,77.24 2 0
github.com/treechess/backend/main.go:77.24,79.5 1 0
github.com/treechess/backend/main.go:80.4,80.42 1 0
github.com/treechess/backend/main.go:83.2,83.12 1 0
